#
# A fatal error has been detected by the Java Runtime Environment:
#
#  SIGSEGV (0xb) at pc=0x00007fe6466b2009, pid=19457, tid=19485
#
# JRE version: OpenJDK Runtime Environment (9.0) (build 9-internal+0-2016-04-14-195246.buildd.src)
# Java VM: OpenJDK 64-Bit Server VM (9-internal+0-2016-04-14-195246.buildd.src, mixed mode, tiered, compressed oops, g1 gc, linux-amd64)
# Problematic frame:
# C  [libjava.so+0x1d009]  JNU_GetEnv+0x19
#
# Core dump will be written. Default location: Core dumps may be processed with "/usr/share/apport/apport %p %s %c %P" (or dumping to /home/quill/my-code/gatherAdmin/public/js/core.19457)
#
# If you would like to submit a bug report, please visit:
#   http://bugreport.java.com/bugreport/crash.jsp
# The crash happened outside the Java Virtual Machine in native code.
# See problematic frame for where to report the bug.
#

---------------  S U M M A R Y ------------

Command Line: -Xmx1024M -Dcharles.config=~/.charles.config /usr/lib/charles-proxy/charles.jar

Host: Intel(R) Core(TM) i3-2310M CPU @ 2.10GHz, 4 cores, 9G, Ubuntu 16.04.1 LTS
Time: Thu Nov 10 21:14:38 2016 CST elapsed time: 6 seconds (0d 0h 0m 6s)

---------------  T H R E A D  ---------------

Current thread (0x00007fe6404d3000):  JavaThread "AWT-EventQueue-0" [_thread_in_native, id=19485, stack(0x00007fe5d1174000,0x00007fe5d1275000)]

Stack: [0x00007fe5d1174000,0x00007fe5d1275000],  sp=0x00007fe5d126e810,  free space=1002k
Native frames: (J=compiled Java code, j=interpreted, Vv=VM code, C=native code)
C  [libjava.so+0x1d009]  JNU_GetEnv+0x19
C  [libfontmanager.so+0x33f8e]
C  [libfreetype.so.6+0x14d1b]  FT_Stream_Seek+0x1b

Java frames: (J=compiled Java code, j=interpreted, Vv=VM code)
j  sun.font.FreetypeFontScaler.initNativeScaler(Lsun/font/Font2D;IIZI)J+0 java.desktop@9-internal
j  sun.font.FreetypeFontScaler.<init>(Lsun/font/Font2D;IZI)V+26 java.desktop@9-internal
v  ~StubRoutines::call_stub
j  sun.reflect.NativeConstructorAccessorImpl.newInstance0(Ljava/lang/reflect/Constructor;[Ljava/lang/Object;)Ljava/lang/Object;+0 java.base@9-internal
J 1149 C1  java.base@9-internal9-internal (89 bytes) @ 0x00007fe62a412404 [0x00007fe62a4114a0+0x0000000000000f64]
J 1079 C1  java.base@9-internal9-internal (9 bytes) @ 0x00007fe62a3d961c [0x00007fe62a3d9520+0x00000000000000fc]
J 1077 C1  java.base@9-internal9-internal (73 bytes) @ 0x00007fe62a3d8964 [0x00007fe62a3d8600+0x0000000000000364]
j  sun.font.FontScaler.getScaler(Lsun/font/Font2D;IZI)Lsun/font/FontScaler;+39 java.desktop@9-internal
j  sun.font.TrueTypeFont.getScaler()Lsun/font/FontScaler;+21 java.desktop@9-internal
j  sun.font.FileFontStrike.<init>(Lsun/font/FileFont;Lsun/font/FontStrikeDesc;)V+204 java.desktop@9-internal
j  sun.font.FileFont.createStrike(Lsun/font/FontStrikeDesc;)Lsun/font/FontStrike;+18 java.desktop@9-internal
j  sun.font.Font2D.getStrike(Lsun/font/FontStrikeDesc;Z)Lsun/font/FontStrike;+92 java.desktop@9-internal
j  sun.font.Font2D.getStrike(Lsun/font/FontStrikeDesc;)Lsun/font/FontStrike;+3 java.desktop@9-internal
j  sun.font.CompositeStrike.getStrikeForSlot(I)Lsun/font/PhysicalStrike;+23 java.desktop@9-internal
j  sun.font.CompositeStrike.getGlyphImagePtrs([I[JI)V+2 java.desktop@9-internal
j  sun.font.GlyphList.mapChars(Lsun/java2d/loops/FontInfo;I)Z+37 java.desktop@9-internal
j  sun.font.GlyphList.setFromString(Lsun/java2d/loops/FontInfo;Ljava/lang/String;FF)Z+71 java.desktop@9-internal
j  sun.java2d.pipe.GlyphListPipe.drawString(Lsun/java2d/SunGraphics2D;Ljava/lang/String;DD)V+146 java.desktop@9-internal
j  sun.java2d.SunGraphics2D.drawString(Ljava/lang/String;II)V+68 java.desktop@9-internal
j  com.xk72.charles.gui.SplashWindow$SplashComponent.paint(Ljava/awt/Graphics;)V+130
j  javax.swing.JComponent.paintChildren(Ljava/awt/Graphics;)V+501 java.desktop@9-internal
j  javax.swing.JComponent.paint(Ljava/awt/Graphics;)V+318 java.desktop@9-internal
j  javax.swing.JComponent.paintChildren(Ljava/awt/Graphics;)V+501 java.desktop@9-internal
j  javax.swing.JComponent.paint(Ljava/awt/Graphics;)V+318 java.desktop@9-internal
j  javax.swing.JLayeredPane.paint(Ljava/awt/Graphics;)V+73 java.desktop@9-internal
j  javax.swing.JComponent.paintChildren(Ljava/awt/Graphics;)V+501 java.desktop@9-internal
j  javax.swing.JComponent.paintToOffscreen(Ljava/awt/Graphics;IIIIII)V+72 java.desktop@9-internal
j  javax.swing.BufferStrategyPaintManager.paint(Ljavax/swing/JComponent;Ljavax/swing/JComponent;Ljava/awt/Graphics;IIII)Z+164 java.desktop@9-internal
j  javax.swing.RepaintManager.paint(Ljavax/swing/JComponent;Ljavax/swing/JComponent;Ljava/awt/Graphics;IIII)V+51 java.desktop@9-internal
j  javax.swing.JComponent.paint(Ljava/awt/Graphics;)V+221 java.desktop@9-internal
j  java.awt.GraphicsCallback$PaintCallback.run(Ljava/awt/Component;Ljava/awt/Graphics;)V+2 java.desktop@9-internal
j  sun.awt.SunGraphicsCallback.runOneComponent(Ljava/awt/Component;Ljava/awt/Rectangle;Ljava/awt/Graphics;Ljava/awt/Shape;I)V+155 java.desktop@9-internal
j  sun.awt.SunGraphicsCallback.runComponents([Ljava/awt/Component;Ljava/awt/Graphics;I)V+157 java.desktop@9-internal
j  java.awt.Container.paint(Ljava/awt/Graphics;)V+58 java.desktop@9-internal
j  java.awt.Window.paint(Ljava/awt/Graphics;)V+68 java.desktop@9-internal
j  javax.swing.RepaintManager$4.run()Ljava/lang/Void;+142 java.desktop@9-internal
j  javax.swing.RepaintManager$4.run()Ljava/lang/Object;+1 java.desktop@9-internal
v  ~StubRoutines::call_stub
j  java.security.AccessController.doPrivileged(Ljava/security/PrivilegedAction;Ljava/security/AccessControlContext;)Ljava/lang/Object;+0 java.base@9-internal
j  java.security.ProtectionDomain$JavaSecurityAccessImpl.doIntersectionPrivilege(Ljava/security/PrivilegedAction;Ljava/security/AccessControlContext;Ljava/security/AccessControlContext;)Ljava/lang/Object;+18 java.base@9-internal
j  javax.swing.RepaintManager.paintDirtyRegions(Ljava/util/Map;)V+154 java.desktop@9-internal
j  javax.swing.RepaintManager.paintDirtyRegions()V+46 java.desktop@9-internal
j  javax.swing.RepaintManager.prePaintDirtyRegions()V+73 java.desktop@9-internal
j  javax.swing.RepaintManager.access$1200(Ljavax/swing/RepaintManager;)V+1 java.desktop@9-internal
j  javax.swing.RepaintManager$ProcessingRunnable.run()V+37 java.desktop@9-internal
j  java.awt.event.InvocationEvent.dispatch()V+47 java.desktop@9-internal
j  java.awt.EventQueue.dispatchEventImpl(Ljava/awt/AWTEvent;Ljava/lang/Object;)V+21 java.desktop@9-internal
j  java.awt.EventQueue.access$500(Ljava/awt/EventQueue;Ljava/awt/AWTEvent;Ljava/lang/Object;)V+3 java.desktop@9-internal
j  java.awt.EventQueue$3.run()Ljava/lang/Void;+32 java.desktop@9-internal
j  java.awt.EventQueue$3.run()Ljava/lang/Object;+1 java.desktop@9-internal
v  ~StubRoutines::call_stub
j  java.security.AccessController.doPrivileged(Ljava/security/PrivilegedAction;Ljava/security/AccessControlContext;)Ljava/lang/Object;+0 java.base@9-internal
j  java.security.ProtectionDomain$JavaSecurityAccessImpl.doIntersectionPrivilege(Ljava/security/PrivilegedAction;Ljava/security/AccessControlContext;Ljava/security/AccessControlContext;)Ljava/lang/Object;+18 java.base@9-internal
j  java.awt.EventQueue.dispatchEvent(Ljava/awt/AWTEvent;)V+46 java.desktop@9-internal
j  java.awt.EventDispatchThread.pumpOneEventForFilters(I)V+183 java.desktop@9-internal
j  java.awt.EventDispatchThread.pumpEventsForFilter(ILjava/awt/Conditional;Ljava/awt/EventFilter;)V+35 java.desktop@9-internal
j  java.awt.EventDispatchThread.pumpEventsForHierarchy(ILjava/awt/Conditional;Ljava/awt/Component;)V+11 java.desktop@9-internal
j  java.awt.EventDispatchThread.pumpEvents(ILjava/awt/Conditional;)V+4 java.desktop@9-internal
j  java.awt.EventDispatchThread.pumpEvents(Ljava/awt/Conditional;)V+3 java.desktop@9-internal
j  java.awt.EventDispatchThread.run()V+9 java.desktop@9-internal
v  ~StubRoutines::call_stub

siginfo: si_signo: 11 (SIGSEGV), si_code: 1 (SEGV_MAPERR), si_addr: 0x0000000000000000

Register to memory mapping:

RAX=0x0000000000000000 is an unknown value
RBX=0x0000000000000000 is an unknown value
RCX=0x0000000000000000 is an unknown value
RDX=0x0000000000010002 is an unknown value
RSP=0x00007fe5d126e810 is pointing into the stack for thread: 0x00007fe6404d3000
RBP=0x00007fe5d126e820 is pointing into the stack for thread: 0x00007fe6404d3000
RSI=0x0000000000010002 is an unknown value
RDI=0x0000000000000000 is an unknown value
R8 =0x0000000000000000 is an unknown value
R9 =0x0000000000000000 is an unknown value
R10=0x00000000000001db is an unknown value
R11=0x00007fe6466b1ff0: JNU_GetEnv+0x0000000000000000 in /usr/lib/jvm/java-9-openjdk-amd64/lib/amd64/libjava.so at 0x00007fe646695000
R12=0x00007fe5b80857d0 is an unknown value
R13=0x0000000000000000 is an unknown value
R14=0x0000000000000000 is an unknown value
R15=0x00007fe5b807d770 is an unknown value


Registers:
RAX=0x0000000000000000, RBX=0x0000000000000000, RCX=0x0000000000000000, RDX=0x0000000000010002
RSP=0x00007fe5d126e810, RBP=0x00007fe5d126e820, RSI=0x0000000000010002, RDI=0x0000000000000000
R8 =0x0000000000000000, R9 =0x0000000000000000, R10=0x00000000000001db, R11=0x00007fe6466b1ff0
R12=0x00007fe5b80857d0, R13=0x0000000000000000, R14=0x0000000000000000, R15=0x00007fe5b807d770
RIP=0x00007fe6466b2009, EFLAGS=0x0000000000010246, CSGSFS=0x0000000000000033, ERR=0x0000000000000004
  TRAPNO=0x000000000000000e

Top of Stack: (sp=0x00007fe5d126e810)
0x00007fe5d126e810:   0000000000000000 2633337a98ad5000
0x00007fe5d126e820:   00007fe5d126e860 00007fe5d1e8af8e
0x00007fe5d126e830:   00007fe5b805f330 00007fe5b80857d0
0x00007fe5d126e840:   0000000000000000 0000000000000000
0x00007fe5d126e850:   00007fe5b80857d0 00007fe5b807d770
0x00007fe5d126e860:   0000000000000000 00007fe5d1bc1d1b
0x00007fe5d126e870:   0000000000000000 00007fe5d1e53d80
0x00007fe5d126e880:   0000000000000000 00007fe5d1bd58d0
0x00007fe5d126e890:   0000000000000014 0000004400000053
0x00007fe5d126e8a0:   0000000000000002 0000000000000000
0x00007fe5d126e8b0:   0000006e0000005d 0000000000000000
0x00007fe5d126e8c0:   0000000000000000 0000007c00000077
0x00007fe5d126e8d0:   0000000000000000 0000000000000000
0x00007fe5d126e8e0:   0000000001010101 0101010101010101
0x00007fe5d126e8f0:   0000000000000000 00007fe5b8000020
0x00007fe5d126e900:   0000000000000070 00007fe5d126e9b4
0x00007fe5d126e910:   00007fe5b805f330 00007fe5b807d770
0x00007fe5d126e920:   00007fe5d126e9b4 00007fe648dbf5d4
0x00007fe5d126e930:   00007fe5d126ea80 00007fe5d126e964
0x00007fe5d126e940:   00007fe5d1e509e0 2633337a98ad5000
0x00007fe5d126e950:   0000000000000070 00007fe5b804f9f0
0x00007fe5d126e960:   00007fe5d1e509e0 00007fe5d126ea78
0x00007fe5d126e970:   00007fe5b805f330 00007fe5b807d770
0x00007fe5d126e980:   00007fe5b804f920 00007fe5d1bc44b2
0x00007fe5d126e990:   0000000100000000 00007fe5d126ea80
0x00007fe5d126e9a0:   0000000000000000 0000000000000000
0x00007fe5d126e9b0:   00000000d126ea78 2633337a98ad5000
0x00007fe5d126e9c0:   00007fe5b804f9f0 00007fe5d126ea80
0x00007fe5d126e9d0:   0000000000000000 00007fe5b805f258
0x00007fe5d126e9e0:   00007fe5d126ec80 00007fe5b805f1b8
0x00007fe5d126e9f0:   00007fe5b805f330 00007fe5d1bc6571
0x00007fe5d126ea00:   00007fe5d126ea80 00007fe5d1bc6366 

Instructions: (pc=0x00007fe6466b2009)
0x00007fe6466b1fe9:   ff eb ea 0f 1f 40 00 55 89 f2 48 89 e5 48 83 ec
0x00007fe6466b1ff9:   10 64 48 8b 04 25 28 00 00 00 48 89 45 f8 31 c0
0x00007fe6466b2009:   48 8b 07 48 8d 75 f0 ff 50 30 48 8b 4d f8 64 48
0x00007fe6466b2019:   33 0c 25 28 00 00 00 48 8b 45 f0 75 02 c9 c3 e8 


---------------  P R O C E S S  ---------------

Java Threads: ( => current thread )
  0x00007fe5b0002800 JavaThread "SeedGenerator Thread" daemon [_thread_blocked, id=19513, stack(0x00007fe5d0e73000,0x00007fe5d0f74000)]
  0x00007fe6405a6800 JavaThread "process reaper" daemon [_thread_blocked, id=19510, stack(0x00007fe5d0775000,0x00007fe5d07af000)]
  0x00007fe5b8808000 JavaThread "SeedGenerator Thread" daemon [_thread_in_Java, id=19487, stack(0x00007fe5d0ab0000,0x00007fe5d0bb1000)]
=>0x00007fe6404d3000 JavaThread "AWT-EventQueue-0" [_thread_in_native, id=19485, stack(0x00007fe5d1174000,0x00007fe5d1275000)]
  0x00007fe6404d1800 JavaThread "AWT-Shutdown" [_thread_blocked, id=19484, stack(0x00007fe5d1275000,0x00007fe5d1376000)]
  0x00007fe6404cd000 JavaThread "AWT-XAWT" daemon [_thread_in_native, id=19483, stack(0x00007fe5d1376000,0x00007fe5d1477000)]
  0x00007fe6404ad000 JavaThread "Java2D Disposer" daemon [_thread_blocked, id=19482, stack(0x00007fe5d1887000,0x00007fe5d1988000)]
  0x00007fe640300000 JavaThread "Service Thread" daemon [_thread_blocked, id=19480, stack(0x00007fe5d38e6000,0x00007fe5d39e7000)]
  0x00007fe6401f2000 JavaThread "Common-Cleaner" daemon [_thread_blocked, id=19479, stack(0x00007fe5d39e7000,0x00007fe5d3ae8000)]
  0x00007fe64018a800 JavaThread "Sweeper thread" daemon [_thread_blocked, id=19478, stack(0x00007fe60026c000,0x00007fe60036d000)]
  0x00007fe640188800 JavaThread "C1 CompilerThread2" daemon [_thread_blocked, id=19477, stack(0x00007fe60036d000,0x00007fe60046e000)]
  0x00007fe640186800 JavaThread "C2 CompilerThread1" daemon [_thread_in_native, id=19476, stack(0x00007fe60046e000,0x00007fe60056f000)]
  0x00007fe640184800 JavaThread "C2 CompilerThread0" daemon [_thread_in_native, id=19475, stack(0x00007fe60056f000,0x00007fe600670000)]
  0x00007fe640180800 JavaThread "Signal Dispatcher" daemon [_thread_blocked, id=19474, stack(0x00007fe600670000,0x00007fe600771000)]
  0x00007fe64017e800 JavaThread "Surrogate Locker Thread (Concurrent GC)" daemon [_thread_blocked, id=19473, stack(0x00007fe600771000,0x00007fe600872000)]
  0x00007fe64016c000 JavaThread "Finalizer" daemon [_thread_blocked, id=19472, stack(0x00007fe600cfd000,0x00007fe600dfe000)]
  0x00007fe640168000 JavaThread "Reference Handler" daemon [_thread_blocked, id=19471, stack(0x00007fe600dfe000,0x00007fe600eff000)]
  0x00007fe640010800 JavaThread "main" [_thread_in_Java, id=19458, stack(0x00007fe649411000,0x00007fe649512000)]

Other Threads:
  0x00007fe64015e000 VMThread [stack: 0x00007fe600eff000,0x00007fe601000000] [id=19470]
  0x00007fe640302800 WatcherThread [stack: 0x00007fe5d37e5000,0x00007fe5d38e6000] [id=19481]

Threads with active compile tasks:
C2 CompilerThread11487       4       java.math.MutableBigInteger::divideMagnitude (1307 bytes)
C2 CompilerThread01518       4       java.math.BigInteger::oddModPow (792 bytes)

VM state:not at safepoint (normal execution)

VM Mutex/Monitor currently owned by a thread: None

heap address: 0x00000000c0000000, size: 1024 MB, Compressed Oops mode: 32-bit
Narrow klass base: 0x0000000000000000, Narrow klass shift: 3
Compressed class space size: 1073741824 Address: 0x0000000100000000

Heap:
 garbage-first heap   total 157696K, used 65115K [0x00000000c0000000, 0x00000000c01004d0, 0x0000000100000000)
  region size 1024K, 59 young (60416K), 1 survivors (1024K)
 Metaspace       used 17489K, capacity 18036K, committed 18176K, reserved 1064960K
  class space    used 2019K, capacity 2215K, committed 2304K, reserved 1048576K

Heap Regions: E=young(eden), S=young(survivor), O=old, HS=humongous(starts), HC=humongous(continues), CS=collection set, F=free, A=archive, TS=gc time stamp, AC=allocation context, TAMS=top-at-mark-start (previous, next)
|   0|0x00000000c0000000, 0x00000000c0100000, 0x00000000c0100000|100%|HS|  |TS  0|AC  0|TAMS 0x00000000c0000000, 0x00000000c0000000|
|   1|0x00000000c0100000, 0x00000000c0200000, 0x00000000c0200000|100%| O|  |TS  1|AC  0|TAMS 0x00000000c0100000, 0x00000000c0100000|
|   2|0x00000000c0200000, 0x00000000c0296e00, 0x00000000c0300000| 58%| O|  |TS  1|AC  0|TAMS 0x00000000c0200000, 0x00000000c0200000|
|   3|0x00000000c0300000, 0x00000000c0400000, 0x00000000c0400000|100%|HS|  |TS  0|AC  0|TAMS 0x00000000c0300000, 0x00000000c0300000|
|   4|0x00000000c0400000, 0x00000000c0500000, 0x00000000c0500000|100%|HS|  |TS  0|AC  0|TAMS 0x00000000c0400000, 0x00000000c0400000|
|   5|0x00000000c0500000, 0x00000000c0600000, 0x00000000c0600000|100%|HS|  |TS  0|AC  0|TAMS 0x00000000c0500000, 0x00000000c0500000|
|   6|0x00000000c0600000, 0x00000000c0600000, 0x00000000c0700000|  0%| F|  |TS  0|AC  0|TAMS 0x00000000c0600000, 0x00000000c0600000|
|   7|0x00000000c0700000, 0x00000000c0700000, 0x00000000c0800000|  0%| F|  |TS  0|AC  0|TAMS 0x00000000c0700000, 0x00000000c0700000|
|   8|0x00000000c0800000, 0x00000000c0800000, 0x00000000c0900000|  0%| F|  |TS  0|AC  0|TAMS 0x00000000c0800000, 0x00000000c0800000|
|   9|0x00000000c0900000, 0x00000000c0900000, 0x00000000c0a00000|  0%| F|  |TS  0|AC  0|TAMS 0x00000000c0900000, 0x00000000c0900000|
|  10|0x00000000c0a00000, 0x00000000c0a00000, 0x00000000c0b00000|  0%| F|  |TS  0|AC  0|TAMS 0x00000000c0a00000, 0x00000000c0a00000|
|  11|0x00000000c0b00000, 0x00000000c0b00000, 0x00000000c0c00000|  0%| F|  |TS  0|AC  0|TAMS 0x00000000c0b00000, 0x00000000c0b00000|
|  12|0x00000000c0c00000, 0x00000000c0c00000, 0x00000000c0d00000|  0%| F|  |TS  0|AC  0|TAMS 0x00000000c0c00000, 0x00000000c0c00000|
|  13|0x00000000c0d00000, 0x00000000c0d00000, 0x00000000c0e00000|  0%| F|  |TS  0|AC  0|TAMS 0x00000000c0d00000, 0x00000000c0d00000|
|  14|0x00000000c0e00000, 0x00000000c0e00000, 0x00000000c0f00000|  0%| F|  |TS  0|AC  0|TAMS 0x00000000c0e00000, 0x00000000c0e00000|
|  15|0x00000000c0f00000, 0x00000000c0f00000, 0x00000000c1000000|  0%| F|  |TS  0|AC  0|TAMS 0x00000000c0f00000, 0x00000000c0f00000|
|  16|0x00000000c1000000, 0x00000000c1000000, 0x00000000c1100000|  0%| F|  |TS  0|AC  0|TAMS 0x00000000c1000000, 0x00000000c1000000|
|  17|0x00000000c1100000, 0x00000000c1100000, 0x00000000c1200000|  0%| F|  |TS  0|AC  0|TAMS 0x00000000c1100000, 0x00000000c1100000|
|  18|0x00000000c1200000, 0x00000000c1200000, 0x00000000c1300000|  0%| F|  |TS  0|AC  0|TAMS 0x00000000c1200000, 0x00000000c1200000|
|  19|0x00000000c1300000, 0x00000000c1300000, 0x00000000c1400000|  0%| F|  |TS  0|AC  0|TAMS 0x00000000c1300000, 0x00000000c1300000|
|  20|0x00000000c1400000, 0x00000000c1400000, 0x00000000c1500000|  0%| F|  |TS  0|AC  0|TAMS 0x00000000c1400000, 0x00000000c1400000|
|  21|0x00000000c1500000, 0x00000000c1500000, 0x00000000c1600000|  0%| F|  |TS  0|AC  0|TAMS 0x00000000c1500000, 0x00000000c1500000|
|  22|0x00000000c1600000, 0x00000000c1600000, 0x00000000c1700000|  0%| F|  |TS  0|AC  0|TAMS 0x00000000c1600000, 0x00000000c1600000|
|  23|0x00000000c1700000, 0x00000000c1700000, 0x00000000c1800000|  0%| F|  |TS  0|AC  0|TAMS 0x00000000c1700000, 0x00000000c1700000|
|  24|0x00000000c1800000, 0x00000000c1800000, 0x00000000c1900000|  0%| F|  |TS  0|AC  0|TAMS 0x00000000c1800000, 0x00000000c1800000|
|  25|0x00000000c1900000, 0x00000000c1900000, 0x00000000c1a00000|  0%| F|  |TS  0|AC  0|TAMS 0x00000000c1900000, 0x00000000c1900000|
|  26|0x00000000c1a00000, 0x00000000c1a00000, 0x00000000c1b00000|  0%| F|  |TS  0|AC  0|TAMS 0x00000000c1a00000, 0x00000000c1a00000|
|  27|0x00000000c1b00000, 0x00000000c1b00000, 0x00000000c1c00000|  0%| F|  |TS  0|AC  0|TAMS 0x00000000c1b00000, 0x00000000c1b00000|
|  28|0x00000000c1c00000, 0x00000000c1c00000, 0x00000000c1d00000|  0%| F|  |TS  0|AC  0|TAMS 0x00000000c1c00000, 0x00000000c1c00000|
|  29|0x00000000c1d00000, 0x00000000c1d00000, 0x00000000c1e00000|  0%| F|  |TS  0|AC  0|TAMS 0x00000000c1d00000, 0x00000000c1d00000|
|  30|0x00000000c1e00000, 0x00000000c1e00000, 0x00000000c1f00000|  0%| F|  |TS  0|AC  0|TAMS 0x00000000c1e00000, 0x00000000c1e00000|
|  31|0x00000000c1f00000, 0x00000000c1f00000, 0x00000000c2000000|  0%| F|  |TS  0|AC  0|TAMS 0x00000000c1f00000, 0x00000000c1f00000|
|  32|0x00000000c2000000, 0x00000000c2000000, 0x00000000c2100000|  0%| F|  |TS  0|AC  0|TAMS 0x00000000c2000000, 0x00000000c2000000|
|  33|0x00000000c2100000, 0x00000000c2100000, 0x00000000c2200000|  0%| F|  |TS  0|AC  0|TAMS 0x00000000c2100000, 0x00000000c2100000|
|  34|0x00000000c2200000, 0x00000000c2200000, 0x00000000c2300000|  0%| F|  |TS  0|AC  0|TAMS 0x00000000c2200000, 0x00000000c2200000|
|  35|0x00000000c2300000, 0x00000000c2300000, 0x00000000c2400000|  0%| F|  |TS  0|AC  0|TAMS 0x00000000c2300000, 0x00000000c2300000|
|  36|0x00000000c2400000, 0x00000000c2400000, 0x00000000c2500000|  0%| F|  |TS  0|AC  0|TAMS 0x00000000c2400000, 0x00000000c2400000|
|  37|0x00000000c2500000, 0x00000000c2500000, 0x00000000c2600000|  0%| F|  |TS  0|AC  0|TAMS 0x00000000c2500000, 0x00000000c2500000|
|  38|0x00000000c2600000, 0x00000000c2600000, 0x00000000c2700000|  0%| F|  |TS  0|AC  0|TAMS 0x00000000c2600000, 0x00000000c2600000|
|  39|0x00000000c2700000, 0x00000000c2700000, 0x00000000c2800000|  0%| F|  |TS  0|AC  0|TAMS 0x00000000c2700000, 0x00000000c2700000|
|  40|0x00000000c2800000, 0x00000000c2800000, 0x00000000c2900000|  0%| F|  |TS  0|AC  0|TAMS 0x00000000c2800000, 0x00000000c2800000|
|  41|0x00000000c2900000, 0x00000000c2900000, 0x00000000c2a00000|  0%| F|  |TS  0|AC  0|TAMS 0x00000000c2900000, 0x00000000c2900000|
|  42|0x00000000c2a00000, 0x00000000c2a00000, 0x00000000c2b00000|  0%| F|  |TS  0|AC  0|TAMS 0x00000000c2a00000, 0x00000000c2a00000|
|  43|0x00000000c2b00000, 0x00000000c2b00000, 0x00000000c2c00000|  0%| F|  |TS  0|AC  0|TAMS 0x00000000c2b00000, 0x00000000c2b00000|
|  44|0x00000000c2c00000, 0x00000000c2c00000, 0x00000000c2d00000|  0%| F|  |TS  0|AC  0|TAMS 0x00000000c2c00000, 0x00000000c2c00000|
|  45|0x00000000c2d00000, 0x00000000c2d00000, 0x00000000c2e00000|  0%| F|  |TS  0|AC  0|TAMS 0x00000000c2d00000, 0x00000000c2d00000|
|  46|0x00000000c2e00000, 0x00000000c2e00000, 0x00000000c2f00000|  0%| F|  |TS  0|AC  0|TAMS 0x00000000c2e00000, 0x00000000c2e00000|
|  47|0x00000000c2f00000, 0x00000000c2f00000, 0x00000000c3000000|  0%| F|  |TS  0|AC  0|TAMS 0x00000000c2f00000, 0x00000000c2f00000|
|  48|0x00000000c3000000, 0x00000000c3000000, 0x00000000c3100000|  0%| F|  |TS  0|AC  0|TAMS 0x00000000c3000000, 0x00000000c3000000|
|  49|0x00000000c3100000, 0x00000000c3100000, 0x00000000c3200000|  0%| F|  |TS  0|AC  0|TAMS 0x00000000c3100000, 0x00000000c3100000|
|  50|0x00000000c3200000, 0x00000000c3200000, 0x00000000c3300000|  0%| F|  |TS  0|AC  0|TAMS 0x00000000c3200000, 0x00000000c3200000|
|  51|0x00000000c3300000, 0x00000000c3300000, 0x00000000c3400000|  0%| F|  |TS  0|AC  0|TAMS 0x00000000c3300000, 0x00000000c3300000|
|  52|0x00000000c3400000, 0x00000000c3400000, 0x00000000c3500000|  0%| F|  |TS  0|AC  0|TAMS 0x00000000c3400000, 0x00000000c3400000|
|  53|0x00000000c3500000, 0x00000000c3500000, 0x00000000c3600000|  0%| F|  |TS  0|AC  0|TAMS 0x00000000c3500000, 0x00000000c3500000|
|  54|0x00000000c3600000, 0x00000000c3600000, 0x00000000c3700000|  0%| F|  |TS  0|AC  0|TAMS 0x00000000c3600000, 0x00000000c3600000|
|  55|0x00000000c3700000, 0x00000000c3700000, 0x00000000c3800000|  0%| F|  |TS  0|AC  0|TAMS 0x00000000c3700000, 0x00000000c3700000|
|  56|0x00000000c3800000, 0x00000000c3800000, 0x00000000c3900000|  0%| F|  |TS  0|AC  0|TAMS 0x00000000c3800000, 0x00000000c3800000|
|  57|0x00000000c3900000, 0x00000000c3900000, 0x00000000c3a00000|  0%| F|  |TS  0|AC  0|TAMS 0x00000000c3900000, 0x00000000c3900000|
|  58|0x00000000c3a00000, 0x00000000c3a00000, 0x00000000c3b00000|  0%| F|  |TS  0|AC  0|TAMS 0x00000000c3a00000, 0x00000000c3a00000|
|  59|0x00000000c3b00000, 0x00000000c3b00000, 0x00000000c3c00000|  0%| F|  |TS  0|AC  0|TAMS 0x00000000c3b00000, 0x00000000c3b00000|
|  60|0x00000000c3c00000, 0x00000000c3c00000, 0x00000000c3d00000|  0%| F|  |TS  0|AC  0|TAMS 0x00000000c3c00000, 0x00000000c3c00000|
|  61|0x00000000c3d00000, 0x00000000c3d00000, 0x00000000c3e00000|  0%| F|  |TS  0|AC  0|TAMS 0x00000000c3d00000, 0x00000000c3d00000|
|  62|0x00000000c3e00000, 0x00000000c3e00000, 0x00000000c3f00000|  0%| F|  |TS  0|AC  0|TAMS 0x00000000c3e00000, 0x00000000c3e00000|
|  63|0x00000000c3f00000, 0x00000000c3f00000, 0x00000000c4000000|  0%| F|  |TS  0|AC  0|TAMS 0x00000000c3f00000, 0x00000000c3f00000|
|  64|0x00000000c4000000, 0x00000000c4000000, 0x00000000c4100000|  0%| F|  |TS  0|AC  0|TAMS 0x00000000c4000000, 0x00000000c4000000|
|  65|0x00000000c4100000, 0x00000000c4100000, 0x00000000c4200000|  0%| F|  |TS  0|AC  0|TAMS 0x00000000c4100000, 0x00000000c4100000|
|  66|0x00000000c4200000, 0x00000000c4200000, 0x00000000c4300000|  0%| F|  |TS  0|AC  0|TAMS 0x00000000c4200000, 0x00000000c4200000|
|  67|0x00000000c4300000, 0x00000000c4300000, 0x00000000c4400000|  0%| F|  |TS  0|AC  0|TAMS 0x00000000c4300000, 0x00000000c4300000|
|  68|0x00000000c4400000, 0x00000000c4400000, 0x00000000c4500000|  0%| F|  |TS  0|AC  0|TAMS 0x00000000c4400000, 0x00000000c4400000|
|  69|0x00000000c4500000, 0x00000000c4500000, 0x00000000c4600000|  0%| F|  |TS  0|AC  0|TAMS 0x00000000c4500000, 0x00000000c4500000|
|  70|0x00000000c4600000, 0x00000000c4600000, 0x00000000c4700000|  0%| F|  |TS  0|AC  0|TAMS 0x00000000c4600000, 0x00000000c4600000|
|  71|0x00000000c4700000, 0x00000000c4700000, 0x00000000c4800000|  0%| F|  |TS  0|AC  0|TAMS 0x00000000c4700000, 0x00000000c4700000|
|  72|0x00000000c4800000, 0x00000000c4800000, 0x00000000c4900000|  0%| F|  |TS  0|AC  0|TAMS 0x00000000c4800000, 0x00000000c4800000|
|  73|0x00000000c4900000, 0x00000000c4900000, 0x00000000c4a00000|  0%| F|  |TS  0|AC  0|TAMS 0x00000000c4900000, 0x00000000c4900000|
|  74|0x00000000c4a00000, 0x00000000c4a00000, 0x00000000c4b00000|  0%| F|  |TS  0|AC  0|TAMS 0x00000000c4a00000, 0x00000000c4a00000|
|  75|0x00000000c4b00000, 0x00000000c4b00000, 0x00000000c4c00000|  0%| F|  |TS  0|AC  0|TAMS 0x00000000c4b00000, 0x00000000c4b00000|
|  76|0x00000000c4c00000, 0x00000000c4c00000, 0x00000000c4d00000|  0%| F|  |TS  0|AC  0|TAMS 0x00000000c4c00000, 0x00000000c4c00000|
|  77|0x00000000c4d00000, 0x00000000c4d00000, 0x00000000c4e00000|  0%| F|  |TS  0|AC  0|TAMS 0x00000000c4d00000, 0x00000000c4d00000|
|  78|0x00000000c4e00000, 0x00000000c4e00000, 0x00000000c4f00000|  0%| F|  |TS  0|AC  0|TAMS 0x00000000c4e00000, 0x00000000c4e00000|
|  79|0x00000000c4f00000, 0x00000000c4f00000, 0x00000000c5000000|  0%| F|  |TS  0|AC  0|TAMS 0x00000000c4f00000, 0x00000000c4f00000|
|  80|0x00000000c5000000, 0x00000000c5000000, 0x00000000c5100000|  0%| F|  |TS  0|AC  0|TAMS 0x00000000c5000000, 0x00000000c5000000|
|  81|0x00000000c5100000, 0x00000000c5100000, 0x00000000c5200000|  0%| F|  |TS  0|AC  0|TAMS 0x00000000c5100000, 0x00000000c5100000|
|  82|0x00000000c5200000, 0x00000000c5200000, 0x00000000c5300000|  0%| F|  |TS  0|AC  0|TAMS 0x00000000c5200000, 0x00000000c5200000|
|  83|0x00000000c5300000, 0x00000000c5300000, 0x00000000c5400000|  0%| F|  |TS  0|AC  0|TAMS 0x00000000c5300000, 0x00000000c5300000|
|  84|0x00000000c5400000, 0x00000000c5400000, 0x00000000c5500000|  0%| F|  |TS  0|AC  0|TAMS 0x00000000c5400000, 0x00000000c5400000|
|  85|0x00000000c5500000, 0x00000000c5500000, 0x00000000c5600000|  0%| F|  |TS  0|AC  0|TAMS 0x00000000c5500000, 0x00000000c5500000|
|  86|0x00000000c5600000, 0x00000000c5600000, 0x00000000c5700000|  0%| F|  |TS  0|AC  0|TAMS 0x00000000c5600000, 0x00000000c5600000|
|  87|0x00000000c5700000, 0x00000000c5700000, 0x00000000c5800000|  0%| F|  |TS  0|AC  0|TAMS 0x00000000c5700000, 0x00000000c5700000|
|  88|0x00000000c5800000, 0x00000000c5800000, 0x00000000c5900000|  0%| F|  |TS  0|AC  0|TAMS 0x00000000c5800000, 0x00000000c5800000|
|  89|0x00000000c5900000, 0x00000000c5900000, 0x00000000c5a00000|  0%| F|  |TS  0|AC  0|TAMS 0x00000000c5900000, 0x00000000c5900000|
|  90|0x00000000c5a00000, 0x00000000c5a00000, 0x00000000c5b00000|  0%| F|  |TS  0|AC  0|TAMS 0x00000000c5a00000, 0x00000000c5a00000|
|  91|0x00000000c5b00000, 0x00000000c5b00000, 0x00000000c5c00000|  0%| F|  |TS  0|AC  0|TAMS 0x00000000c5b00000, 0x00000000c5b00000|
|  92|0x00000000c5c00000, 0x00000000c5c00000, 0x00000000c5d00000|  0%| F|  |TS  0|AC  0|TAMS 0x00000000c5c00000, 0x00000000c5c00000|
|  93|0x00000000c5d00000, 0x00000000c5d00000, 0x00000000c5e00000|  0%| F|  |TS  0|AC  0|TAMS 0x00000000c5d00000, 0x00000000c5d00000|
|  94|0x00000000c5e00000, 0x00000000c5e00000, 0x00000000c5f00000|  0%| F|  |TS  0|AC  0|TAMS 0x00000000c5e00000, 0x00000000c5e00000|
|  95|0x00000000c5f00000, 0x00000000c6000000, 0x00000000c6000000|100%| E|  |TS  0|AC  0|TAMS 0x00000000c5f00000, 0x00000000c5f00000|
|  96|0x00000000c6000000, 0x00000000c6100000, 0x00000000c6100000|100%| E|CS|TS  0|AC  0|TAMS 0x00000000c6000000, 0x00000000c6000000|
|  97|0x00000000c6100000, 0x00000000c6200000, 0x00000000c6200000|100%| E|CS|TS  0|AC  0|TAMS 0x00000000c6100000, 0x00000000c6100000|
|  98|0x00000000c6200000, 0x00000000c6300000, 0x00000000c6300000|100%| E|CS|TS  0|AC  0|TAMS 0x00000000c6200000, 0x00000000c6200000|
|  99|0x00000000c6300000, 0x00000000c6400000, 0x00000000c6400000|100%| E|CS|TS  0|AC  0|TAMS 0x00000000c6300000, 0x00000000c6300000|
| 100|0x00000000c6400000, 0x00000000c6500000, 0x00000000c6500000|100%| E|CS|TS  0|AC  0|TAMS 0x00000000c6400000, 0x00000000c6400000|
| 101|0x00000000c6500000, 0x00000000c6600000, 0x00000000c6600000|100%| E|CS|TS  0|AC  0|TAMS 0x00000000c6500000, 0x00000000c6500000|
| 102|0x00000000c6600000, 0x00000000c6700000, 0x00000000c6700000|100%| E|CS|TS  0|AC  0|TAMS 0x00000000c6600000, 0x00000000c6600000|
| 103|0x00000000c6700000, 0x00000000c6800000, 0x00000000c6800000|100%| E|CS|TS  0|AC  0|TAMS 0x00000000c6700000, 0x00000000c6700000|
| 104|0x00000000c6800000, 0x00000000c6900000, 0x00000000c6900000|100%| E|CS|TS  0|AC  0|TAMS 0x00000000c6800000, 0x00000000c6800000|
| 105|0x00000000c6900000, 0x00000000c6a00000, 0x00000000c6a00000|100%| E|CS|TS  0|AC  0|TAMS 0x00000000c6900000, 0x00000000c6900000|
| 106|0x00000000c6a00000, 0x00000000c6b00000, 0x00000000c6b00000|100%| E|CS|TS  0|AC  0|TAMS 0x00000000c6a00000, 0x00000000c6a00000|
| 107|0x00000000c6b00000, 0x00000000c6c00000, 0x00000000c6c00000|100%| E|CS|TS  0|AC  0|TAMS 0x00000000c6b00000, 0x00000000c6b00000|
| 108|0x00000000c6c00000, 0x00000000c6d00000, 0x00000000c6d00000|100%| E|CS|TS  0|AC  0|TAMS 0x00000000c6c00000, 0x00000000c6c00000|
| 109|0x00000000c6d00000, 0x00000000c6e00000, 0x00000000c6e00000|100%| E|CS|TS  0|AC  0|TAMS 0x00000000c6d00000, 0x00000000c6d00000|
| 110|0x00000000c6e00000, 0x00000000c6f00000, 0x00000000c6f00000|100%| E|CS|TS  0|AC  0|TAMS 0x00000000c6e00000, 0x00000000c6e00000|
| 111|0x00000000c6f00000, 0x00000000c7000000, 0x00000000c7000000|100%| E|CS|TS  0|AC  0|TAMS 0x00000000c6f00000, 0x00000000c6f00000|
| 112|0x00000000c7000000, 0x00000000c7100000, 0x00000000c7100000|100%| E|CS|TS  0|AC  0|TAMS 0x00000000c7000000, 0x00000000c7000000|
| 113|0x00000000c7100000, 0x00000000c7200000, 0x00000000c7200000|100%| E|CS|TS  0|AC  0|TAMS 0x00000000c7100000, 0x00000000c7100000|
| 114|0x00000000c7200000, 0x00000000c7300000, 0x00000000c7300000|100%| E|CS|TS  0|AC  0|TAMS 0x00000000c7200000, 0x00000000c7200000|
| 115|0x00000000c7300000, 0x00000000c7400000, 0x00000000c7400000|100%| E|CS|TS  0|AC  0|TAMS 0x00000000c7300000, 0x00000000c7300000|
| 116|0x00000000c7400000, 0x00000000c7500000, 0x00000000c7500000|100%| E|CS|TS  0|AC  0|TAMS 0x00000000c7400000, 0x00000000c7400000|
| 117|0x00000000c7500000, 0x00000000c7600000, 0x00000000c7600000|100%| E|CS|TS  0|AC  0|TAMS 0x00000000c7500000, 0x00000000c7500000|
| 118|0x00000000c7600000, 0x00000000c7700000, 0x00000000c7700000|100%| E|CS|TS  0|AC  0|TAMS 0x00000000c7600000, 0x00000000c7600000|
| 119|0x00000000c7700000, 0x00000000c7800000, 0x00000000c7800000|100%| E|CS|TS  0|AC  0|TAMS 0x00000000c7700000, 0x00000000c7700000|
| 120|0x00000000c7800000, 0x00000000c7900000, 0x00000000c7900000|100%| E|CS|TS  0|AC  0|TAMS 0x00000000c7800000, 0x00000000c7800000|
| 121|0x00000000c7900000, 0x00000000c7a00000, 0x00000000c7a00000|100%| E|CS|TS  0|AC  0|TAMS 0x00000000c7900000, 0x00000000c7900000|
| 122|0x00000000c7a00000, 0x00000000c7b00000, 0x00000000c7b00000|100%| E|CS|TS  0|AC  0|TAMS 0x00000000c7a00000, 0x00000000c7a00000|
| 123|0x00000000c7b00000, 0x00000000c7c00000, 0x00000000c7c00000|100%| E|CS|TS  0|AC  0|TAMS 0x00000000c7b00000, 0x00000000c7b00000|
| 124|0x00000000c7c00000, 0x00000000c7d00000, 0x00000000c7d00000|100%| E|CS|TS  0|AC  0|TAMS 0x00000000c7c00000, 0x00000000c7c00000|
| 125|0x00000000c7d00000, 0x00000000c7e00000, 0x00000000c7e00000|100%| E|CS|TS  0|AC  0|TAMS 0x00000000c7d00000, 0x00000000c7d00000|
| 126|0x00000000c7e00000, 0x00000000c7f00000, 0x00000000c7f00000|100%| E|CS|TS  0|AC  0|TAMS 0x00000000c7e00000, 0x00000000c7e00000|
| 127|0x00000000c7f00000, 0x00000000c8000000, 0x00000000c8000000|100%| E|CS|TS  0|AC  0|TAMS 0x00000000c7f00000, 0x00000000c7f00000|
| 128|0x00000000c8000000, 0x00000000c8100000, 0x00000000c8100000|100%| E|CS|TS  0|AC  0|TAMS 0x00000000c8000000, 0x00000000c8000000|
| 129|0x00000000c8100000, 0x00000000c8200000, 0x00000000c8200000|100%| E|CS|TS  0|AC  0|TAMS 0x00000000c8100000, 0x00000000c8100000|
| 130|0x00000000c8200000, 0x00000000c8300000, 0x00000000c8300000|100%| E|CS|TS  0|AC  0|TAMS 0x00000000c8200000, 0x00000000c8200000|
| 131|0x00000000c8300000, 0x00000000c8400000, 0x00000000c8400000|100%| E|CS|TS  0|AC  0|TAMS 0x00000000c8300000, 0x00000000c8300000|
| 132|0x00000000c8400000, 0x00000000c8500000, 0x00000000c8500000|100%| E|CS|TS  0|AC  0|TAMS 0x00000000c8400000, 0x00000000c8400000|
| 133|0x00000000c8500000, 0x00000000c8600000, 0x00000000c8600000|100%| E|CS|TS  0|AC  0|TAMS 0x00000000c8500000, 0x00000000c8500000|
| 134|0x00000000c8600000, 0x00000000c8700000, 0x00000000c8700000|100%| E|CS|TS  0|AC  0|TAMS 0x00000000c8600000, 0x00000000c8600000|
| 135|0x00000000c8700000, 0x00000000c8800000, 0x00000000c8800000|100%| E|CS|TS  0|AC  0|TAMS 0x00000000c8700000, 0x00000000c8700000|
| 136|0x00000000c8800000, 0x00000000c8900000, 0x00000000c8900000|100%| E|CS|TS  0|AC  0|TAMS 0x00000000c8800000, 0x00000000c8800000|
| 137|0x00000000c8900000, 0x00000000c8a00000, 0x00000000c8a00000|100%| E|CS|TS  0|AC  0|TAMS 0x00000000c8900000, 0x00000000c8900000|
| 138|0x00000000c8a00000, 0x00000000c8b00000, 0x00000000c8b00000|100%| E|CS|TS  0|AC  0|TAMS 0x00000000c8a00000, 0x00000000c8a00000|
| 139|0x00000000c8b00000, 0x00000000c8c00000, 0x00000000c8c00000|100%| E|CS|TS  0|AC  0|TAMS 0x00000000c8b00000, 0x00000000c8b00000|
| 140|0x00000000c8c00000, 0x00000000c8d00000, 0x00000000c8d00000|100%| E|CS|TS  0|AC  0|TAMS 0x00000000c8c00000, 0x00000000c8c00000|
| 141|0x00000000c8d00000, 0x00000000c8e00000, 0x00000000c8e00000|100%| E|CS|TS  0|AC  0|TAMS 0x00000000c8d00000, 0x00000000c8d00000|
| 142|0x00000000c8e00000, 0x00000000c8f00000, 0x00000000c8f00000|100%| E|CS|TS  0|AC  0|TAMS 0x00000000c8e00000, 0x00000000c8e00000|
| 143|0x00000000c8f00000, 0x00000000c9000000, 0x00000000c9000000|100%| E|CS|TS  0|AC  0|TAMS 0x00000000c8f00000, 0x00000000c8f00000|
| 144|0x00000000c9000000, 0x00000000c9100000, 0x00000000c9100000|100%| E|CS|TS  0|AC  0|TAMS 0x00000000c9000000, 0x00000000c9000000|
| 145|0x00000000c9100000, 0x00000000c9200000, 0x00000000c9200000|100%| E|CS|TS  0|AC  0|TAMS 0x00000000c9100000, 0x00000000c9100000|
| 146|0x00000000c9200000, 0x00000000c9300000, 0x00000000c9300000|100%| S|CS|TS  1|AC  0|TAMS 0x00000000c9200000, 0x00000000c9200000|
| 147|0x00000000c9300000, 0x00000000c9400000, 0x00000000c9400000|100%| E|CS|TS  0|AC  0|TAMS 0x00000000c9300000, 0x00000000c9300000|
| 148|0x00000000c9400000, 0x00000000c9500000, 0x00000000c9500000|100%| E|CS|TS  0|AC  0|TAMS 0x00000000c9400000, 0x00000000c9400000|
| 149|0x00000000c9500000, 0x00000000c9600000, 0x00000000c9600000|100%| E|CS|TS  0|AC  0|TAMS 0x00000000c9500000, 0x00000000c9500000|
| 150|0x00000000c9600000, 0x00000000c9700000, 0x00000000c9700000|100%| E|CS|TS  0|AC  0|TAMS 0x00000000c9600000, 0x00000000c9600000|
| 151|0x00000000c9700000, 0x00000000c9800000, 0x00000000c9800000|100%| E|CS|TS  0|AC  0|TAMS 0x00000000c9700000, 0x00000000c9700000|
| 152|0x00000000c9800000, 0x00000000c9900000, 0x00000000c9900000|100%| E|CS|TS  0|AC  0|TAMS 0x00000000c9800000, 0x00000000c9800000|
| 153|0x00000000c9900000, 0x00000000c9a00000, 0x00000000c9a00000|100%| E|CS|TS  0|AC  0|TAMS 0x00000000c9900000, 0x00000000c9900000|

Card table byte_map: [0x00007fe644564000,0x00007fe644764000] byte_map_base: 0x00007fe643f64000

Marking Bits (Prev, Next): (CMBitMap*) 0x00007fe64004cb60, (CMBitMap*) 0x00007fe64004cbb8
 Prev Bits: [0x00007fe628c51000, 0x00007fe629c51000)
 Next Bits: [0x00007fe603000000, 0x00007fe604000000)

Polling page: 0x00007fe649536000

CodeHeap 'non-nmethods': size=5696Kb used=1289Kb max_used=1323Kb free=4406Kb
 bounds [0x00007fe629c51000, 0x00007fe629ec1000, 0x00007fe62a1e1000]
CodeHeap 'profiled nmethods': size=120032Kb used=3088Kb max_used=3088Kb free=116943Kb
 bounds [0x00007fe62a1e1000, 0x00007fe62a4f1000, 0x00007fe631719000]
CodeHeap 'non-profiled nmethods': size=120032Kb used=652Kb max_used=652Kb free=119380Kb
 bounds [0x00007fe631719000, 0x00007fe631989000, 0x00007fe638c51000]
 total_blobs=2519 nmethods=1550 adapters=485
 compilation: enabled

Compilation events (10 events):
Event: 6.745 Thread 0x00007fe640188800 1569  s    2       sun.font.FontFamily::addLocaleNames (45 bytes)
Event: 6.746 Thread 0x00007fe640184800 nmethod 1496 0x00007fe6317bb090 code [0x00007fe6317bb240, 0x00007fe6317bb998]
Event: 6.746 Thread 0x00007fe640184800 1518       4       java.math.BigInteger::oddModPow (792 bytes)
Event: 6.746 Thread 0x00007fe640188800 nmethod 1569 0x00007fe62a4e2910 code [0x00007fe62a4e2ac0, 0x00007fe62a4e2fa8]
Event: 6.746 Thread 0x00007fe640188800 1570       1       sun.nio.cs.UnicodeDecoder::implReset (9 bytes)
Event: 6.746 Thread 0x00007fe640188800 nmethod 1570 0x00007fe6317bbd10 code [0x00007fe6317bbe80, 0x00007fe6317bbf90]
Event: 6.746 Thread 0x00007fe640188800 1571 %     3       sun.font.TrueTypeFont::initAllNames @ 52 (177 bytes)
Event: 6.748 Thread 0x00007fe640188800 nmethod 1571% 0x00007fe62a4e3190 code [0x00007fe62a4e3440, 0x00007fe62a4e4718]
Event: 6.748 Thread 0x00007fe640188800 1568   !   2       sun.font.TrueTypeFont::getAllFamilyNames (30 bytes)
Event: 6.749 Thread 0x00007fe640188800 nmethod 1568 0x00007fe62a4e4d10 code [0x00007fe62a4e4ec0, 0x00007fe62a4e5258]

GC Heap History (2 events):
Event: 0.386 GC heap before
{Heap before GC invocations=0 (full 0):
 garbage-first heap   total 157696K, used 8192K [0x00000000c0000000, 0x00000000c01004d0, 0x0000000100000000)
  region size 1024K, 7 young (7168K), 0 survivors (0K)
 Metaspace       used 8023K, capacity 8232K, committed 8448K, reserved 1056768K
  class space    used 826K, capacity 899K, committed 1024K, reserved 1048576K
}
Event: 0.391 GC heap after
{Heap after GC invocations=1 (full 0):
 garbage-first heap   total 157696K, used 2651K [0x00000000c0000000, 0x00000000c01004d0, 0x0000000100000000)
  region size 1024K, 1 young (1024K), 1 survivors (1024K)
 Metaspace       used 8023K, capacity 8232K, committed 8448K, reserved 1056768K
  class space    used 826K, capacity 899K, committed 1024K, reserved 1048576K
}

Deoptimization events (10 events):
Event: 6.138 Thread 0x00007fe640010800 Uncommon trap: reason=unstable_if action=reinterpret pc=0x00007fe63179b44c method=java.math.BigInteger.intArrayCmpToLen([I[II)I @ 42
Event: 6.138 Thread 0x00007fe640010800 Uncommon trap: reason=unstable_if action=reinterpret pc=0x00007fe63179f3a0 method=java.math.BigInteger.squareToLen([II[I)[I @ 5
Event: 6.199 Thread 0x00007fe6404d3000 Uncommon trap: reason=unstable_if action=reinterpret pc=0x00007fe63177e5fc method=java.util.LinkedHashMap.afterNodeInsertion(Z)V @ 18
Event: 6.215 Thread 0x00007fe640010800 Uncommon trap: reason=unstable_if action=reinterpret pc=0x00007fe6317a1e9c method=java.math.MutableBigInteger.normalize()V @ 40
Event: 6.328 Thread 0x00007fe640010800 Uncommon trap: reason=unstable_if action=reinterpret pc=0x00007fe6317a79ac method=java.math.MutableBigInteger.divideMagnitude(Ljava/math/MutableBigInteger;Ljava/math/MutableBigInteger;Z)Ljava/math/MutableBigInteger; @ 706
Event: 6.498 Thread 0x00007fe640010800 Uncommon trap: reason=unstable_if action=reinterpret pc=0x00007fe6317aefe8 method=java.math.BigInteger.shiftRightImpl(I)Ljava/math/BigInteger; @ 83
Event: 6.671 Thread 0x00007fe6404d3000 Uncommon trap: reason=unstable_if action=reinterpret pc=0x00007fe6317229cc method=java.lang.String.hashCode()I @ 20
Event: 6.671 Thread 0x00007fe6404d3000 Uncommon trap: reason=unstable_if action=reinterpret pc=0x00007fe63175e720 method=java.lang.CharacterData.of(I)Ljava/lang/CharacterData; @ 4
Event: 6.713 Thread 0x00007fe6404d3000 Uncommon trap: reason=unstable_if action=reinterpret pc=0x00007fe6317b3070 method=java.lang.String.equals(Ljava/lang/Object;)Z @ 34
Event: 6.755 Thread 0x00007fe6404d3000 Uncommon trap: reason=unstable_if action=reinterpret pc=0x00007fe63176a01c method=java.lang.ref.SoftReference.get()Ljava/lang/Object; @ 6

Classes redefined (0 events):
No events

Internal exceptions (10 events):
Event: 6.641 Thread 0x00007fe6404d3000 Exception <a 'java/lang/NullPointerException'> (0x00000000c66e3870) thrown at [/build/openjdk-9-argm_o/openjdk-9-9~b114/src/hotspot/src/share/vm/runtime/sharedRuntime.cpp, line 595]
Event: 6.641 Thread 0x00007fe6404d3000 Exception <a 'java/io/FileNotFoundException'> (0x00000000c66e4338) thrown at [/build/openjdk-9-argm_o/openjdk-9-9~b114/src/hotspot/src/share/vm/prims/jni.cpp, line 605]
Event: 6.641 Thread 0x00007fe6404d3000 Implicit null exception at 0x00007fe62a4c64b6 to 0x00007fe62a4c784d
Event: 6.641 Thread 0x00007fe6404d3000 Exception <a 'java/lang/NullPointerException'> (0x00000000c66e4b58) thrown at [/build/openjdk-9-argm_o/openjdk-9-9~b114/src/hotspot/src/share/vm/runtime/sharedRuntime.cpp, line 595]
Event: 6.641 Thread 0x00007fe6404d3000 Exception <a 'java/io/FileNotFoundException'> (0x00000000c66e5618) thrown at [/build/openjdk-9-argm_o/openjdk-9-9~b114/src/hotspot/src/share/vm/prims/jni.cpp, line 605]
Event: 6.641 Thread 0x00007fe6404d3000 Implicit null exception at 0x00007fe62a4c64b6 to 0x00007fe62a4c784d
Event: 6.641 Thread 0x00007fe6404d3000 Exception <a 'java/lang/NullPointerException'> (0x00000000c66e5e28) thrown at [/build/openjdk-9-argm_o/openjdk-9-9~b114/src/hotspot/src/share/vm/runtime/sharedRuntime.cpp, line 595]
Event: 6.641 Thread 0x00007fe6404d3000 Exception <a 'java/io/FileNotFoundException'> (0x00000000c66e68e8) thrown at [/build/openjdk-9-argm_o/openjdk-9-9~b114/src/hotspot/src/share/vm/prims/jni.cpp, line 605]
Event: 6.641 Thread 0x00007fe6404d3000 Implicit null exception at 0x00007fe62a4c64b6 to 0x00007fe62a4c784d
Event: 6.641 Thread 0x00007fe6404d3000 Exception <a 'java/lang/NullPointerException'> (0x00000000c66e70f8) thrown at [/build/openjdk-9-argm_o/openjdk-9-9~b114/src/hotspot/src/share/vm/runtime/sharedRuntime.cpp, line 595]

Events (10 events):
Event: 6.757 loading class sun/font/CMap$NullCMapClass
Event: 6.757 loading class sun/font/CMap$NullCMapClass done
Event: 6.757 loading class sun/font/CMap$CMapFormat12
Event: 6.758 loading class sun/font/CMap$CMapFormat12 done
Event: 6.758 loading class sun/font/FileFontStrike
Event: 6.759 loading class sun/font/FileFontStrike done
Event: 6.760 loading class sun/font/FontScaler
Event: 6.760 loading class sun/font/FontScaler done
Event: 6.760 loading class sun/font/FreetypeFontScaler
Event: 6.760 loading class sun/font/FreetypeFontScaler done


Dynamic libraries:
00400000-00401000 r-xp 00000000 08:01 931633                             /usr/lib/jvm/java-9-openjdk-amd64/bin/java
00600000-00601000 r--p 00000000 08:01 931633                             /usr/lib/jvm/java-9-openjdk-amd64/bin/java
00601000-00602000 rw-p 00001000 08:01 931633                             /usr/lib/jvm/java-9-openjdk-amd64/bin/java
01ccc000-01ced000 rw-p 00000000 00:00 0                                  [heap]
c0000000-c9a00000 rw-p 00000000 00:00 0 
c9a00000-100000000 ---p 00000000 00:00 0 
100000000-100240000 rw-p 00000000 00:00 0 
100240000-140000000 ---p 00000000 00:00 0 
7fe5a4000000-7fe5a4021000 rw-p 00000000 00:00 0 
7fe5a4021000-7fe5a8000000 ---p 00000000 00:00 0 
7fe5ab939000-7fe5ab94d000 r--s 00000000 08:01 1445102                    /usr/share/fonts/type1/gsfonts/n019003l.pfb
7fe5ab94d000-7fe5ab965000 r--s 00000000 08:01 1445096                    /usr/share/fonts/type1/gsfonts/c059036l.pfb
7fe5ab965000-7fe5ab978000 r--s 00000000 08:01 1445123                    /usr/share/fonts/type1/gsfonts/n019064l.pfb
7fe5ab978000-7fe5ab988000 r--s 00000000 08:01 1445066                    /usr/share/fonts/type1/gsfonts/a010015l.pfb
7fe5ab988000-7fe5ab998000 r--s 00000000 08:01 1445063                    /usr/share/fonts/type1/gsfonts/a010013l.pfb
7fe5ab998000-7fe5ab9a9000 r--s 00000000 08:01 1445108                    /usr/share/fonts/type1/gsfonts/n019023l.pfb
7fe5ab9a9000-7fe5ab9c5000 r--s 00000000 08:01 1445159                    /usr/share/fonts/type1/gsfonts/p052024l.pfb
7fe5ab9c5000-7fe5ab9db000 r--s 00000000 08:01 1445135                    /usr/share/fonts/type1/gsfonts/n021024l.pfb
7fe5ab9db000-7fe5ab9f6000 r--s 00000000 08:01 1445153                    /usr/share/fonts/type1/gsfonts/p052004l.pfb
7fe5ab9f6000-7fe5aba0d000 r--s 00000000 08:01 1445132                    /usr/share/fonts/type1/gsfonts/n021023l.pfb
7fe5aba0d000-7fe5aba1d000 r--s 00000000 08:01 1445069                    /usr/share/fonts/type1/gsfonts/a010033l.pfb
7fe5aba1d000-7fe5aba36000 r--s 00000000 08:01 1445126                    /usr/share/fonts/type1/gsfonts/n021003l.pfb
7fe5aba36000-7fe5aba51000 r--s 00000000 08:01 1445156                    /usr/share/fonts/type1/gsfonts/p052023l.pfb
7fe5aba51000-7fe5aba66000 r--s 00000000 08:01 1445081                    /usr/share/fonts/type1/gsfonts/b018032l.pfb
7fe5aba66000-7fe5aba81000 r--s 00000000 08:01 1445090                    /usr/share/fonts/type1/gsfonts/c059016l.pfb
7fe5aba81000-7fe5aba8a000 r--s 00000000 08:01 1445162                    /usr/share/fonts/type1/gsfonts/s050000l.pfb
7fe5aba8a000-7fe5aba9c000 r--s 00000000 08:01 1445114                    /usr/share/fonts/type1/gsfonts/n019043l.pfb
7fe5aba9c000-7fe5abaad000 r--s 00000000 08:01 1445120                    /usr/share/fonts/type1/gsfonts/n019063l.pfb
7fe5abaad000-7fe5ababf000 r--s 00000000 08:01 1445117                    /usr/share/fonts/type1/gsfonts/n019044l.pfb
7fe5ababf000-7fe5abad6000 r--s 00000000 08:01 1445165                    /usr/share/fonts/type1/gsfonts/z003034l.pfb
7fe5abad6000-7fe5abae7000 r--s 00000000 08:01 1445111                    /usr/share/fonts/type1/gsfonts/n019024l.pfb
7fe5abae7000-7fe5abafd000 r--s 00000000 08:01 1445144                    /usr/share/fonts/type1/gsfonts/n022023l.pfb
7fe5abafd000-7fe5abb13000 r--s 00000000 08:01 1445147                    /usr/share/fonts/type1/gsfonts/n022024l.pfb
7fe5abb13000-7fe5abb24000 r--s 00000000 08:01 1445072                    /usr/share/fonts/type1/gsfonts/a010035l.pfb
7fe5abb24000-7fe5abb37000 r--s 00000000 08:01 1445078                    /usr/share/fonts/type1/gsfonts/b018015l.pfb
7fe5abb37000-7fe5abb50000 r--s 00000000 08:01 1445129                    /usr/share/fonts/type1/gsfonts/n021004l.pfb
7fe5abb50000-7fe5abb6b000 r--s 00000000 08:01 1445150                    /usr/share/fonts/type1/gsfonts/p052003l.pfb
7fe5abb6b000-7fe5abb7d000 r--s 00000000 08:01 1445105                    /usr/share/fonts/type1/gsfonts/n019004l.pfb
7fe5abb7d000-7fe5abb96000 r--s 00000000 08:01 1445141                    /usr/share/fonts/type1/gsfonts/n022004l.pfb
7fe5abb96000-7fe5abbb0000 r--s 00000000 08:01 1445087                    /usr/share/fonts/type1/gsfonts/c059013l.pfb
7fe5abbb0000-7fe5abbc9000 r--s 00000000 08:01 1445075                    /usr/share/fonts/type1/gsfonts/b018012l.pfb
7fe5abbc9000-7fe5abbd5000 r--s 00000000 08:01 1445099                    /usr/share/fonts/type1/gsfonts/d050000l.pfb
7fe5abbd5000-7fe5abbe7000 r--s 00000000 08:01 1445084                    /usr/share/fonts/type1/gsfonts/b018035l.pfb
7fe5abbe7000-7fe5abbff000 r--s 00000000 08:01 1445093                    /usr/share/fonts/type1/gsfonts/c059033l.pfb
7fe5abbff000-7fe5abc17000 r--s 00000000 08:01 796286                     /usr/share/texmf/fonts/type1/public/lm/lmss10.pfb
7fe5abc17000-7fe5abc39000 r--s 00000000 08:01 796351                     /usr/share/texmf/fonts/type1/public/lm/lmtlco10.pfb
7fe5abc39000-7fe5abc5b000 r--s 00000000 08:01 796308                     /usr/share/texmf/fonts/type1/public/lm/lmbxo10.pfb
7fe5abc5b000-7fe5abc79000 r--s 00000000 08:01 796262                     /usr/share/texmf/fonts/type1/public/lm/lmr10.pfb
7fe5abc79000-7fe5abc99000 r--s 00000000 08:01 796275                     /usr/share/texmf/fonts/type1/public/lm/lmssqo8.pfb
7fe5abc99000-7fe5abcbb000 r--s 00000000 08:01 796315                     /usr/share/texmf/fonts/type1/public/lm/lmssbo10.pfb
7fe5abcbb000-7fe5abcd6000 r--s 00000000 08:01 796323                     /usr/share/texmf/fonts/type1/public/lm/lmsso10.pfb
7fe5abcd6000-7fe5abcdf000 r--s 00000000 08:01 1444373                    /usr/share/fonts/X11/Type1/c0649bt_.pfb
7fe5abcdf000-7fe5abce9000 r--s 00000000 08:01 1444363                    /usr/share/fonts/X11/Type1/c0583bt_.pfb
7fe5abce9000-7fe5abcf3000 r--s 00000000 08:01 1444365                    /usr/share/fonts/X11/Type1/c0611bt_.pfb
7fe5abcf3000-7fe5abd12000 r--s 00000000 08:01 796285                     /usr/share/texmf/fonts/type1/public/lm/lmvtk10.pfb
7fe5abd12000-7fe5abd2f000 r--s 00000000 08:01 796344                     /usr/share/texmf/fonts/type1/public/lm/lmssq8.pfb
7fe5abd2f000-7fe5abd4c000 r--s 00000000 08:01 796279                     /usr/share/texmf/fonts/type1/public/lm/lmtk10.pfb
7fe5abd4c000-7fe5abd67000 r--s 00000000 08:01 796347                     /usr/share/texmf/fonts/type1/public/lm/lmtcsc10.pfb
7fe5abd67000-7fe5abd8a000 r--s 00000000 08:01 796340                     /usr/share/texmf/fonts/type1/public/lm/lmtko10.pfb
7fe5abd8a000-7fe5abda9000 r--s 00000000 08:01 796336                     /usr/share/texmf/fonts/type1/public/lm/lmdunh10.pfb
7fe5abda9000-7fe5abdca000 r--s 00000000 08:01 796349                     /usr/share/texmf/fonts/type1/public/lm/lmro10.pfb
7fe5abdca000-7fe5abde5000 r--s 00000000 08:01 796292                     /usr/share/texmf/fonts/type1/public/lm/lmtlc10.pfb
7fe5abde5000-7fe5abdee000 r--s 00000000 08:01 1444367                    /usr/share/fonts/X11/Type1/c0632bt_.pfb
7fe5abdee000-7fe5abe0a000 r--s 00000000 08:01 796301                     /usr/share/texmf/fonts/type1/public/lm/lmri10.pfb
7fe5abe0a000-7fe5abe28000 r--s 00000000 08:01 796268                     /usr/share/texmf/fonts/type1/public/lm/lmvtl10.pfb
7fe5abe28000-7fe5abe45000 r--s 00000000 08:01 796310                     /usr/share/texmf/fonts/type1/public/lm/lmssqbx8.pfb
7fe5abe45000-7fe5abe67000 r--s 00000000 08:01 796345                     /usr/share/texmf/fonts/type1/public/lm/lmssdo10.pfb
7fe5abe67000-7fe5abe84000 r--s 00000000 08:01 796329                     /usr/share/texmf/fonts/type1/public/lm/lmssdc10.pfb
7fe5abe84000-7fe5abe8d000 r--s 00000000 08:01 1444371                    /usr/share/fonts/X11/Type1/c0648bt_.pfb
7fe5abe8d000-7fe5abe97000 r--s 00000000 08:01 1444361                    /usr/share/fonts/X11/Type1/c0582bt_.pfb
7fe5abe97000-7fe5abeb6000 r--s 00000000 08:01 796263                     /usr/share/texmf/fonts/type1/public/lm/lmtlo10.pfb
7fe5abeb6000-7fe5abed8000 r--s 00000000 08:01 796283                     /usr/share/texmf/fonts/type1/public/lm/lmvtlo10.pfb
7fe5abed8000-7fe5abef4000 r--s 00000000 08:01 796294                     /usr/share/texmf/fonts/type1/public/lm/lmtt10.pfb
7fe5abef4000-7fe5abf0e000 r--s 00000000 08:01 796300                     /usr/share/texmf/fonts/type1/public/lm/lmtl10.pfb
7fe5abf0e000-7fe5abf27000 r--s 00000000 08:01 796276                     /usr/share/texmf/fonts/type1/public/lm/lmtti10.pfb
7fe5abf27000-7fe5abf48000 r--s 00000000 08:01 796316                     /usr/share/texmf/fonts/type1/public/lm/lmvtto10.pfb
7fe5abf48000-7fe5abf67000 r--s 00000000 08:01 796278                     /usr/share/texmf/fonts/type1/public/lm/lmssqbo8.pfb
7fe5abf67000-7fe5abf84000 r--s 00000000 08:01 796307                     /usr/share/texmf/fonts/type1/public/lm/lmcsc10.pfb
7fe5abf84000-7fe5abfa0000 r--s 00000000 08:01 796319                     /usr/share/texmf/fonts/type1/public/lm/lmbxi10.pfb
7fe5abfa0000-7fe5abfc5000 r--s 00000000 08:01 796287                     /usr/share/texmf/fonts/type1/public/lm/lmvtko10.pfb
7fe5abfc5000-7fe5abfe4000 r--s 00000000 08:01 796346                     /usr/share/texmf/fonts/type1/public/lm/lmb10.pfb
7fe5abfe4000-7fe5ac000000 r--s 00000000 08:01 796305                     /usr/share/texmf/fonts/type1/public/lm/lmu10.pfb
7fe5ac000000-7fe5ac023000 rw-p 00000000 00:00 0 
7fe5ac023000-7fe5b0000000 ---p 00000000 00:00 0 
7fe5b0000000-7fe5b0021000 rw-p 00000000 00:00 0 
7fe5b0021000-7fe5b4000000 ---p 00000000 00:00 0 
7fe5b4000000-7fe5b4021000 rw-p 00000000 00:00 0 
7fe5b4021000-7fe5b8000000 ---p 00000000 00:00 0 
7fe5b8000000-7fe5b8866000 rw-p 00000000 00:00 0 
7fe5b8866000-7fe5bc000000 ---p 00000000 00:00 0 
7fe5bc000000-7fe5bc021000 rw-p 00000000 00:00 0 
7fe5bc021000-7fe5c0000000 ---p 00000000 00:00 0 
7fe5c0000000-7fe5c0021000 rw-p 00000000 00:00 0 
7fe5c0021000-7fe5c4000000 ---p 00000000 00:00 0 
7fe5c4000000-7fe5c4021000 rw-p 00000000 00:00 0 
7fe5c4021000-7fe5c8000000 ---p 00000000 00:00 0 
7fe5c8000000-7fe5c8021000 rw-p 00000000 00:00 0 
7fe5c8021000-7fe5cc000000 ---p 00000000 00:00 0 
7fe5cc000000-7fe5cc021000 rw-p 00000000 00:00 0 
7fe5cc021000-7fe5d0000000 ---p 00000000 00:00 0 
7fe5d0002000-7fe5d000b000 r--s 00000000 08:01 1444369                    /usr/share/fonts/X11/Type1/c0633bt_.pfb
7fe5d000b000-7fe5d002a000 r--s 00000000 08:01 796321                     /usr/share/texmf/fonts/type1/public/lm/lmtto10.pfb
7fe5d002a000-7fe5d004b000 r--s 00000000 08:01 796342                     /usr/share/texmf/fonts/type1/public/lm/lmcsco10.pfb
7fe5d004b000-7fe5d006f000 r--s 00000000 08:01 796267                     /usr/share/texmf/fonts/type1/public/lm/lmduno10.pfb
7fe5d006f000-7fe5d0091000 r--s 00000000 08:01 796280                     /usr/share/texmf/fonts/type1/public/lm/lmbo10.pfb
7fe5d0091000-7fe5d00ae000 r--s 00000000 08:01 796299                     /usr/share/texmf/fonts/type1/public/lm/lmvtt10.pfb
7fe5d00ae000-7fe5d00cc000 r--s 00000000 08:01 796326                     /usr/share/texmf/fonts/type1/public/lm/lmssbx10.pfb
7fe5d00cc000-7fe5d00d6000 r--s 00000000 08:01 1444359                    /usr/share/fonts/X11/Type1/c0419bt_.pfb
7fe5d00d6000-7fe5d00f6000 r--s 00000000 08:01 796272                     /usr/share/texmf/fonts/type1/public/lm/lmtcso10.pfb
7fe5d00f6000-7fe5d0114000 r--s 00000000 08:01 796269                     /usr/share/texmf/fonts/type1/public/lm/lmbx10.pfb
7fe5d0114000-7fe5d011f000 r--s 00000000 08:01 930768                     /var/cache/fontconfig/945677eb7aeaf62f1d50efc3fb3ec7d8-le64.cache-6
7fe5d011f000-7fe5d0124000 r--s 00000000 08:01 942225                     /var/cache/fontconfig/99e8ed0e538f840c565b6ed5dad60d56-le64.cache-6
7fe5d0124000-7fe5d012a000 r--s 00000000 08:01 942224                     /var/cache/fontconfig/2cd17615ca594fa2959ae173292e504c-le64.cache-6
7fe5d012a000-7fe5d012b000 r--s 00000000 08:01 940745                     /var/cache/fontconfig/0d8c3b2ac0904cb8a57a757ad11a4a08-le64.cache-6
7fe5d012b000-7fe5d0140000 r--s 00000000 08:01 937541                     /var/cache/fontconfig/04aabc0a78ac019cf9454389977116d2-le64.cache-6
7fe5d0140000-7fe5d0141000 r--s 00000000 08:01 937540                     /var/cache/fontconfig/1ac9eb803944fde146138c791f5cc56a-le64.cache-6
7fe5d0141000-7fe5d0145000 r--s 00000000 08:01 937539                     /var/cache/fontconfig/385c0604a188198f04d133e54aba7fe7-le64.cache-6
7fe5d0145000-7fe5d0146000 r--s 00000000 08:01 937538                     /var/cache/fontconfig/dc05db6664285cc2f12bf69c139ae4c3-le64.cache-6
7fe5d0146000-7fe5d0149000 r--s 00000000 08:01 937537                     /var/cache/fontconfig/767a8244fc0220cfb567a839d0392e0b-le64.cache-6
7fe5d0149000-7fe5d014e000 r--s 00000000 08:01 937536                     /var/cache/fontconfig/8801497958630a81b71ace7c5f9b32a8-le64.cache-6
7fe5d014e000-7fe5d0155000 r--s 00000000 08:01 937534                     /var/cache/fontconfig/3047814df9a2f067bd2d96a2b9c36e5a-le64.cache-6
7fe5d0155000-7fe5d015d000 r--s 00000000 08:01 937533                     /var/cache/fontconfig/bf3b770c553c462765856025a94f1ce6-le64.cache-6
7fe5d015d000-7fe5d0163000 r--s 00000000 08:01 937341                     /var/cache/fontconfig/b47c4e1ecd0709278f4910c18777a504-le64.cache-6
7fe5d0163000-7fe5d0176000 r--s 00000000 08:01 932465                     /var/cache/fontconfig/d52a8644073d54c13679302ca1180695-le64.cache-6
7fe5d0176000-7fe5d0181000 r--s 00000000 08:01 932023                     /var/cache/fontconfig/d589a48862398ed80a3d6066f4f56f4c-le64.cache-6
7fe5d0181000-7fe5d018e000 r--s 00000000 08:01 932457                     /var/cache/fontconfig/089dead882dea3570ffc31a9898cfb69-le64.cache-6
7fe5d018e000-7fe5d0196000 r--s 00000000 08:01 932282                     /var/cache/fontconfig/619443aca6600196ebaff3ad38d477ec-le64.cache-6
7fe5d0196000-7fe5d019e000 r--s 00000000 08:01 930767                     /var/cache/fontconfig/9be62d5840d88105903348ecf2840765-le64.cache-6
7fe5d019e000-7fe5d01b0000 r--s 00000000 08:01 918252                     /var/cache/fontconfig/9b89f8e3dae116d678bbf48e5f21f69b-le64.cache-6
7fe5d01b0000-7fe5d01d1000 r--s 00000000 08:01 942228                     /var/cache/fontconfig/467c019e582ee353435ea5c21d137ef6-le64.cache-6
7fe5d01d1000-7fe5d01f3000 r--s 00000000 08:01 920310                     /var/cache/fontconfig/e94069e41e1a89dbefdb4f997a565ca4-le64.cache-6
7fe5d01f3000-7fe5d021b000 r-xp 00000000 08:01 931833                     /usr/lib/jvm/java-9-openjdk-amd64/lib/amd64/libsunec.so
7fe5d021b000-7fe5d041a000 ---p 00028000 08:01 931833                     /usr/lib/jvm/java-9-openjdk-amd64/lib/amd64/libsunec.so
7fe5d041a000-7fe5d041e000 r--p 00027000 08:01 931833                     /usr/lib/jvm/java-9-openjdk-amd64/lib/amd64/libsunec.so
7fe5d041e000-7fe5d041f000 rw-p 0002b000 08:01 931833                     /usr/lib/jvm/java-9-openjdk-amd64/lib/amd64/libsunec.so
7fe5d041f000-7fe5d059f000 rw-p 00000000 00:00 0 
7fe5d059f000-7fe5d0623000 ---p 00000000 00:00 0 
7fe5d0623000-7fe5d0720000 rw-p 00000000 00:00 0 
7fe5d0720000-7fe5d072b000 r--s 00000000 08:01 930768                     /var/cache/fontconfig/945677eb7aeaf62f1d50efc3fb3ec7d8-le64.cache-6
7fe5d072b000-7fe5d0730000 r--s 00000000 08:01 942225                     /var/cache/fontconfig/99e8ed0e538f840c565b6ed5dad60d56-le64.cache-6
7fe5d0730000-7fe5d0745000 r--s 00000000 08:01 937541                     /var/cache/fontconfig/04aabc0a78ac019cf9454389977116d2-le64.cache-6
7fe5d0745000-7fe5d0746000 r--s 00000000 08:01 937535                     /var/cache/fontconfig/bab58bb527bb656aaa9f116d68a48d89-le64.cache-6
7fe5d0746000-7fe5d0747000 r--s 00000000 08:01 937532                     /var/cache/fontconfig/56cf4f4769d0f4abc89a4895d7bd3ae1-le64.cache-6
7fe5d0747000-7fe5d0748000 r--s 00000000 08:01 937531                     /var/cache/fontconfig/b9d506c9ac06c20b433354fa67a72993-le64.cache-6
7fe5d0748000-7fe5d0749000 r--s 00000000 08:01 932462                     /var/cache/fontconfig/551ecf3b0e8b0bca0f25c0944f561853-le64.cache-6
7fe5d0749000-7fe5d074a000 r--s 00000000 08:01 932454                     /var/cache/fontconfig/30829fa25452a46451e813d634d7f916-le64.cache-6
7fe5d074a000-7fe5d074b000 r--s 00000000 08:01 932453                     /var/cache/fontconfig/0c9eb80ebd1c36541ebe2852d3bb0c49-le64.cache-6
7fe5d074b000-7fe5d0758000 r--s 00000000 08:01 929163                     /var/cache/fontconfig/e13b20fdb08344e0e664864cc2ede53d-le64.cache-6
7fe5d0758000-7fe5d075c000 r--s 00000000 08:01 920277                     /var/cache/fontconfig/7ef2298fde41cc6eeb7af42e48b7d293-le64.cache-6
7fe5d075c000-7fe5d075d000 r--s 00000000 08:01 942229                     /var/cache/fontconfig/e0aa53bcfa504e64f87823c16bc01eb6-le64.cache-6
7fe5d075d000-7fe5d0775000 r--s 00000000 08:01 1445138                    /usr/share/fonts/type1/gsfonts/n022003l.pfb
7fe5d0775000-7fe5d0779000 ---p 00000000 00:00 0 
7fe5d0779000-7fe5d09af000 rw-p 00000000 00:00 0 
7fe5d09af000-7fe5d09b3000 ---p 00000000 00:00 0 
7fe5d09b3000-7fe5d0ab0000 rw-p 00000000 00:00 0 
7fe5d0ab0000-7fe5d0ab4000 ---p 00000000 00:00 0 
7fe5d0ab4000-7fe5d0db1000 rw-p 00000000 00:00 0 
7fe5d0db1000-7fe5d0e73000 rw-s 00000000 00:05 28344332                   /SYSV00000000 (deleted)
7fe5d0e73000-7fe5d0e77000 ---p 00000000 00:00 0 
7fe5d0e77000-7fe5d1174000 rw-p 00000000 00:00 0 
7fe5d1174000-7fe5d1178000 ---p 00000000 00:00 0 
7fe5d1178000-7fe5d1275000 rw-p 00000000 00:00 0 
7fe5d1275000-7fe5d1279000 ---p 00000000 00:00 0 
7fe5d1279000-7fe5d1376000 rw-p 00000000 00:00 0 
7fe5d1376000-7fe5d137a000 ---p 00000000 00:00 0 
7fe5d137a000-7fe5d1477000 rw-p 00000000 00:00 0 
7fe5d1477000-7fe5d147c000 r-xp 00000000 08:01 664934                     /usr/lib/x86_64-linux-gnu/libXfixes.so.3.1.0
7fe5d147c000-7fe5d167b000 ---p 00005000 08:01 664934                     /usr/lib/x86_64-linux-gnu/libXfixes.so.3.1.0
7fe5d167b000-7fe5d167c000 r--p 00004000 08:01 664934                     /usr/lib/x86_64-linux-gnu/libXfixes.so.3.1.0
7fe5d167c000-7fe5d167d000 rw-p 00005000 08:01 664934                     /usr/lib/x86_64-linux-gnu/libXfixes.so.3.1.0
7fe5d167d000-7fe5d1686000 r-xp 00000000 08:01 664926                     /usr/lib/x86_64-linux-gnu/libXcursor.so.1.0.2
7fe5d1686000-7fe5d1885000 ---p 00009000 08:01 664926                     /usr/lib/x86_64-linux-gnu/libXcursor.so.1.0.2
7fe5d1885000-7fe5d1886000 r--p 00008000 08:01 664926                     /usr/lib/x86_64-linux-gnu/libXcursor.so.1.0.2
7fe5d1886000-7fe5d1887000 rw-p 00009000 08:01 664926                     /usr/lib/x86_64-linux-gnu/libXcursor.so.1.0.2
7fe5d1887000-7fe5d188b000 ---p 00000000 00:00 0 
7fe5d188b000-7fe5d1988000 rw-p 00000000 00:00 0 
7fe5d1988000-7fe5d19ac000 r-xp 00000000 08:01 2495628                    /lib/x86_64-linux-gnu/libpng12.so.0.54.0
7fe5d19ac000-7fe5d1bab000 ---p 00024000 08:01 2495628                    /lib/x86_64-linux-gnu/libpng12.so.0.54.0
7fe5d1bab000-7fe5d1bac000 r--p 00023000 08:01 2495628                    /lib/x86_64-linux-gnu/libpng12.so.0.54.0
7fe5d1bac000-7fe5d1bad000 rw-p 00024000 08:01 2495628                    /lib/x86_64-linux-gnu/libpng12.so.0.54.0
7fe5d1bad000-7fe5d1c51000 r-xp 00000000 08:01 665351                     /usr/lib/x86_64-linux-gnu/libfreetype.so.6.12.1
7fe5d1c51000-7fe5d1e50000 ---p 000a4000 08:01 665351                     /usr/lib/x86_64-linux-gnu/libfreetype.so.6.12.1
7fe5d1e50000-7fe5d1e56000 r--p 000a3000 08:01 665351                     /usr/lib/x86_64-linux-gnu/libfreetype.so.6.12.1
7fe5d1e56000-7fe5d1e57000 rw-p 000a9000 08:01 665351                     /usr/lib/x86_64-linux-gnu/libfreetype.so.6.12.1
7fe5d1e57000-7fe5d1f1d000 r-xp 00000000 08:01 931690                     /usr/lib/jvm/java-9-openjdk-amd64/lib/amd64/libfontmanager.so
7fe5d1f1d000-7fe5d211c000 ---p 000c6000 08:01 931690                     /usr/lib/jvm/java-9-openjdk-amd64/lib/amd64/libfontmanager.so
7fe5d211c000-7fe5d211f000 r--p 000c5000 08:01 931690                     /usr/lib/jvm/java-9-openjdk-amd64/lib/amd64/libfontmanager.so
7fe5d211f000-7fe5d2120000 rw-p 000c8000 08:01 931690                     /usr/lib/jvm/java-9-openjdk-amd64/lib/amd64/libfontmanager.so
7fe5d2120000-7fe5d2121000 rw-p 00000000 00:00 0 
7fe5d2121000-7fe5d2126000 r-xp 00000000 08:01 664930                     /usr/lib/x86_64-linux-gnu/libXdmcp.so.6.0.0
7fe5d2126000-7fe5d2325000 ---p 00005000 08:01 664930                     /usr/lib/x86_64-linux-gnu/libXdmcp.so.6.0.0
7fe5d2325000-7fe5d2326000 r--p 00004000 08:01 664930                     /usr/lib/x86_64-linux-gnu/libXdmcp.so.6.0.0
7fe5d2326000-7fe5d2327000 rw-p 00005000 08:01 664930                     /usr/lib/x86_64-linux-gnu/libXdmcp.so.6.0.0
7fe5d2327000-7fe5d2329000 r-xp 00000000 08:01 664919                     /usr/lib/x86_64-linux-gnu/libXau.so.6.0.0
7fe5d2329000-7fe5d2529000 ---p 00002000 08:01 664919                     /usr/lib/x86_64-linux-gnu/libXau.so.6.0.0
7fe5d2529000-7fe5d252a000 r--p 00002000 08:01 664919                     /usr/lib/x86_64-linux-gnu/libXau.so.6.0.0
7fe5d252a000-7fe5d252b000 rw-p 00003000 08:01 664919                     /usr/lib/x86_64-linux-gnu/libXau.so.6.0.0
7fe5d252b000-7fe5d254c000 r-xp 00000000 08:01 666299                     /usr/lib/x86_64-linux-gnu/libxcb.so.1.1.0
7fe5d254c000-7fe5d274b000 ---p 00021000 08:01 666299                     /usr/lib/x86_64-linux-gnu/libxcb.so.1.1.0
7fe5d274b000-7fe5d274c000 r--p 00020000 08:01 666299                     /usr/lib/x86_64-linux-gnu/libxcb.so.1.1.0
7fe5d274c000-7fe5d274d000 rw-p 00021000 08:01 666299                     /usr/lib/x86_64-linux-gnu/libxcb.so.1.1.0
7fe5d274d000-7fe5d275c000 r-xp 00000000 08:01 664940                     /usr/lib/x86_64-linux-gnu/libXi.so.6.1.0
7fe5d275c000-7fe5d295b000 ---p 0000f000 08:01 664940                     /usr/lib/x86_64-linux-gnu/libXi.so.6.1.0
7fe5d295b000-7fe5d295c000 r--p 0000e000 08:01 664940                     /usr/lib/x86_64-linux-gnu/libXi.so.6.1.0
7fe5d295c000-7fe5d295d000 rw-p 0000f000 08:01 664940                     /usr/lib/x86_64-linux-gnu/libXi.so.6.1.0
7fe5d295d000-7fe5d2962000 r-xp 00000000 08:01 664958                     /usr/lib/x86_64-linux-gnu/libXtst.so.6.1.0
7fe5d2962000-7fe5d2b61000 ---p 00005000 08:01 664958                     /usr/lib/x86_64-linux-gnu/libXtst.so.6.1.0
7fe5d2b61000-7fe5d2b62000 r--p 00004000 08:01 664958                     /usr/lib/x86_64-linux-gnu/libXtst.so.6.1.0
7fe5d2b62000-7fe5d2b63000 rw-p 00005000 08:01 664958                     /usr/lib/x86_64-linux-gnu/libXtst.so.6.1.0
7fe5d2b63000-7fe5d2b6c000 r-xp 00000000 08:01 664952                     /usr/lib/x86_64-linux-gnu/libXrender.so.1.3.0
7fe5d2b6c000-7fe5d2d6b000 ---p 00009000 08:01 664952                     /usr/lib/x86_64-linux-gnu/libXrender.so.1.3.0
7fe5d2d6b000-7fe5d2d6c000 r--p 00008000 08:01 664952                     /usr/lib/x86_64-linux-gnu/libXrender.so.1.3.0
7fe5d2d6c000-7fe5d2d6d000 rw-p 00009000 08:01 664952                     /usr/lib/x86_64-linux-gnu/libXrender.so.1.3.0
7fe5d2d6d000-7fe5d2ea2000 r-xp 00000000 08:01 664915                     /usr/lib/x86_64-linux-gnu/libX11.so.6.3.0
7fe5d2ea2000-7fe5d30a2000 ---p 00135000 08:01 664915                     /usr/lib/x86_64-linux-gnu/libX11.so.6.3.0
7fe5d30a2000-7fe5d30a3000 r--p 00135000 08:01 664915                     /usr/lib/x86_64-linux-gnu/libX11.so.6.3.0
7fe5d30a3000-7fe5d30a7000 rw-p 00136000 08:01 664915                     /usr/lib/x86_64-linux-gnu/libX11.so.6.3.0
7fe5d30a7000-7fe5d30b8000 r-xp 00000000 08:01 664932                     /usr/lib/x86_64-linux-gnu/libXext.so.6.4.0
7fe5d30b8000-7fe5d32b7000 ---p 00011000 08:01 664932                     /usr/lib/x86_64-linux-gnu/libXext.so.6.4.0
7fe5d32b7000-7fe5d32b8000 r--p 00010000 08:01 664932                     /usr/lib/x86_64-linux-gnu/libXext.so.6.4.0
7fe5d32b8000-7fe5d32b9000 rw-p 00011000 08:01 664932                     /usr/lib/x86_64-linux-gnu/libXext.so.6.4.0
7fe5d32b9000-7fe5d3310000 r-xp 00000000 08:01 931840                     /usr/lib/jvm/java-9-openjdk-amd64/lib/amd64/libawt_xawt.so
7fe5d3310000-7fe5d3510000 ---p 00057000 08:01 931840                     /usr/lib/jvm/java-9-openjdk-amd64/lib/amd64/libawt_xawt.so
7fe5d3510000-7fe5d3511000 r--p 00057000 08:01 931840                     /usr/lib/jvm/java-9-openjdk-amd64/lib/amd64/libawt_xawt.so
7fe5d3511000-7fe5d3514000 rw-p 00058000 08:01 931840                     /usr/lib/jvm/java-9-openjdk-amd64/lib/amd64/libawt_xawt.so
7fe5d3514000-7fe5d3515000 rw-p 00000000 00:00 0 
7fe5d3515000-7fe5d35b5000 r-xp 00000000 08:01 931689                     /usr/lib/jvm/java-9-openjdk-amd64/lib/amd64/libawt.so
7fe5d35b5000-7fe5d37b4000 ---p 000a0000 08:01 931689                     /usr/lib/jvm/java-9-openjdk-amd64/lib/amd64/libawt.so
7fe5d37b4000-7fe5d37b5000 r--p 0009f000 08:01 931689                     /usr/lib/jvm/java-9-openjdk-amd64/lib/amd64/libawt.so
7fe5d37b5000-7fe5d37c0000 rw-p 000a0000 08:01 931689                     /usr/lib/jvm/java-9-openjdk-amd64/lib/amd64/libawt.so
7fe5d37c0000-7fe5d37e5000 rw-p 00000000 00:00 0 
7fe5d37e5000-7fe5d37e6000 ---p 00000000 00:00 0 
7fe5d37e6000-7fe5d38e6000 rw-p 00000000 00:00 0 
7fe5d38e6000-7fe5d38ea000 ---p 00000000 00:00 0 
7fe5d38ea000-7fe5d39e7000 rw-p 00000000 00:00 0 
7fe5d39e7000-7fe5d39eb000 ---p 00000000 00:00 0 
7fe5d39eb000-7fe5d3de9000 rw-p 00000000 00:00 0 
7fe5d3de9000-7fe5d3dff000 r-xp 00000000 08:01 931691                     /usr/lib/jvm/java-9-openjdk-amd64/lib/amd64/libnet.so
7fe5d3dff000-7fe5d3ffe000 ---p 00016000 08:01 931691                     /usr/lib/jvm/java-9-openjdk-amd64/lib/amd64/libnet.so
7fe5d3ffe000-7fe5d3fff000 r--p 00015000 08:01 931691                     /usr/lib/jvm/java-9-openjdk-amd64/lib/amd64/libnet.so
7fe5d3fff000-7fe5d4000000 rw-p 00016000 08:01 931691                     /usr/lib/jvm/java-9-openjdk-amd64/lib/amd64/libnet.so
7fe5d4000000-7fe5d4427000 rw-p 00000000 00:00 0 
7fe5d4427000-7fe5d8000000 ---p 00000000 00:00 0 
7fe5d8000000-7fe5d8021000 rw-p 00000000 00:00 0 
7fe5d8021000-7fe5dc000000 ---p 00000000 00:00 0 
7fe5dc000000-7fe5dcdb2000 rw-p 00000000 00:00 0 
7fe5dcdb2000-7fe5e0000000 ---p 00000000 00:00 0 
7fe5e0000000-7fe5e059c000 rw-p 00000000 00:00 0 
7fe5e059c000-7fe5e4000000 ---p 00000000 00:00 0 
7fe5e4000000-7fe5e4021000 rw-p 00000000 00:00 0 
7fe5e4021000-7fe5e8000000 ---p 00000000 00:00 0 
7fe5e8000000-7fe5e8021000 rw-p 00000000 00:00 0 
7fe5e8021000-7fe5ec000000 ---p 00000000 00:00 0 
7fe5ec000000-7fe5ec021000 rw-p 00000000 00:00 0 
7fe5ec021000-7fe5f0000000 ---p 00000000 00:00 0 
7fe5f0000000-7fe5f0021000 rw-p 00000000 00:00 0 
7fe5f0021000-7fe5f4000000 ---p 00000000 00:00 0 
7fe5f4000000-7fe5f4021000 rw-p 00000000 00:00 0 
7fe5f4021000-7fe5f8000000 ---p 00000000 00:00 0 
7fe5f8000000-7fe5f8021000 rw-p 00000000 00:00 0 
7fe5f8021000-7fe5fc000000 ---p 00000000 00:00 0 
7fe5fc000000-7fe5fc021000 rw-p 00000000 00:00 0 
7fe5fc021000-7fe600000000 ---p 00000000 00:00 0 
7fe600000000-7fe600001000 r--p 00000000 00:00 0 
7fe600001000-7fe600007000 r--s 00000000 08:01 942224                     /var/cache/fontconfig/2cd17615ca594fa2959ae173292e504c-le64.cache-6
7fe600007000-7fe60000b000 r--s 00000000 08:01 937539                     /var/cache/fontconfig/385c0604a188198f04d133e54aba7fe7-le64.cache-6
7fe60000b000-7fe600012000 r--s 00000000 08:01 937534                     /var/cache/fontconfig/3047814df9a2f067bd2d96a2b9c36e5a-le64.cache-6
7fe600012000-7fe60001a000 r--s 00000000 08:01 937533                     /var/cache/fontconfig/bf3b770c553c462765856025a94f1ce6-le64.cache-6
7fe60001a000-7fe60002d000 r--s 00000000 08:01 932465                     /var/cache/fontconfig/d52a8644073d54c13679302ca1180695-le64.cache-6
7fe60002d000-7fe600038000 r--s 00000000 08:01 932023                     /var/cache/fontconfig/d589a48862398ed80a3d6066f4f56f4c-le64.cache-6
7fe600038000-7fe600059000 r--s 00000000 08:01 942228                     /var/cache/fontconfig/467c019e582ee353435ea5c21d137ef6-le64.cache-6
7fe600059000-7fe60006a000 r-xp 00000000 08:01 931841                     /usr/lib/jvm/java-9-openjdk-amd64/lib/amd64/libnio.so
7fe60006a000-7fe60026a000 ---p 00011000 08:01 931841                     /usr/lib/jvm/java-9-openjdk-amd64/lib/amd64/libnio.so
7fe60026a000-7fe60026b000 r--p 00011000 08:01 931841                     /usr/lib/jvm/java-9-openjdk-amd64/lib/amd64/libnio.so
7fe60026b000-7fe60026c000 rw-p 00012000 08:01 931841                     /usr/lib/jvm/java-9-openjdk-amd64/lib/amd64/libnio.so
7fe60026c000-7fe600270000 ---p 00000000 00:00 0 
7fe600270000-7fe60036d000 rw-p 00000000 00:00 0 
7fe60036d000-7fe600371000 ---p 00000000 00:00 0 
7fe600371000-7fe60046e000 rw-p 00000000 00:00 0 
7fe60046e000-7fe600472000 ---p 00000000 00:00 0 
7fe600472000-7fe60056f000 rw-p 00000000 00:00 0 
7fe60056f000-7fe600573000 ---p 00000000 00:00 0 
7fe600573000-7fe600670000 rw-p 00000000 00:00 0 
7fe600670000-7fe600674000 ---p 00000000 00:00 0 
7fe600674000-7fe600771000 rw-p 00000000 00:00 0 
7fe600771000-7fe600775000 ---p 00000000 00:00 0 
7fe600775000-7fe600872000 rw-p 00000000 00:00 0 
7fe600872000-7fe600cfd000 r--p 00000000 08:01 659973                     /usr/lib/locale/locale-archive
7fe600cfd000-7fe600d01000 ---p 00000000 00:00 0 
7fe600d01000-7fe600dfe000 rw-p 00000000 00:00 0 
7fe600dfe000-7fe600e02000 ---p 00000000 00:00 0 
7fe600e02000-7fe600eff000 rw-p 00000000 00:00 0 
7fe600eff000-7fe600f00000 ---p 00000000 00:00 0 
7fe600f00000-7fe603268000 rw-p 00000000 00:00 0 
7fe603268000-7fe604000000 ---p 00000000 00:00 0 
7fe604000000-7fe604021000 rw-p 00000000 00:00 0 
7fe604021000-7fe608000000 ---p 00000000 00:00 0 
7fe608000000-7fe608021000 rw-p 00000000 00:00 0 
7fe608021000-7fe60c000000 ---p 00000000 00:00 0 
7fe60c000000-7fe60c021000 rw-p 00000000 00:00 0 
7fe60c021000-7fe610000000 ---p 00000000 00:00 0 
7fe610000000-7fe610021000 rw-p 00000000 00:00 0 
7fe610021000-7fe614000000 ---p 00000000 00:00 0 
7fe614000000-7fe614021000 rw-p 00000000 00:00 0 
7fe614021000-7fe618000000 ---p 00000000 00:00 0 
7fe618000000-7fe618021000 rw-p 00000000 00:00 0 
7fe618021000-7fe61c000000 ---p 00000000 00:00 0 
7fe61c000000-7fe61c021000 rw-p 00000000 00:00 0 
7fe61c021000-7fe620000000 ---p 00000000 00:00 0 
7fe620000000-7fe620021000 rw-p 00000000 00:00 0 
7fe620021000-7fe624000000 ---p 00000000 00:00 0 
7fe624000000-7fe624021000 rw-p 00000000 00:00 0 
7fe624021000-7fe628000000 ---p 00000000 00:00 0 
7fe628000000-7fe628001000 r--s 00000000 08:01 940745                     /var/cache/fontconfig/0d8c3b2ac0904cb8a57a757ad11a4a08-le64.cache-6
7fe628001000-7fe628002000 r--s 00000000 08:01 937540                     /var/cache/fontconfig/1ac9eb803944fde146138c791f5cc56a-le64.cache-6
7fe628002000-7fe628005000 r--s 00000000 08:01 937537                     /var/cache/fontconfig/767a8244fc0220cfb567a839d0392e0b-le64.cache-6
7fe628005000-7fe628012000 r--s 00000000 08:01 932457                     /var/cache/fontconfig/089dead882dea3570ffc31a9898cfb69-le64.cache-6
7fe628012000-7fe62801a000 r--s 00000000 08:01 932282                     /var/cache/fontconfig/619443aca6600196ebaff3ad38d477ec-le64.cache-6
7fe62801a000-7fe62803c000 r--s 00000000 08:01 920310                     /var/cache/fontconfig/e94069e41e1a89dbefdb4f997a565ca4-le64.cache-6
7fe62803c000-7fe62890d000 rw-p 00000000 00:00 0 
7fe62890d000-7fe628eb9000 rw-p 00000000 00:00 0 
7fe628eb9000-7fe629c51000 ---p 00000000 00:00 0 
7fe629c51000-7fe629ec1000 rwxp 00000000 00:00 0 
7fe629ec1000-7fe62a1e1000 ---p 00000000 00:00 0 
7fe62a1e1000-7fe62a4f1000 rwxp 00000000 00:00 0 
7fe62a4f1000-7fe631719000 ---p 00000000 00:00 0 
7fe631719000-7fe631989000 rwxp 00000000 00:00 0 
7fe631989000-7fe638c51000 ---p 00000000 00:00 0 
7fe638c51000-7fe640000000 r--s 00000000 08:01 931667                     /usr/lib/jvm/java-9-openjdk-amd64/lib/modules
7fe640000000-7fe6406ac000 rw-p 00000000 00:00 0 
7fe6406ac000-7fe644000000 ---p 00000000 00:00 0 
7fe644000000-7fe644001000 r--s 00000000 08:01 937538                     /var/cache/fontconfig/dc05db6664285cc2f12bf69c139ae4c3-le64.cache-6
7fe644001000-7fe644006000 r--s 00000000 08:01 937536                     /var/cache/fontconfig/8801497958630a81b71ace7c5f9b32a8-le64.cache-6
7fe644006000-7fe64400e000 r--s 00000000 08:01 930767                     /var/cache/fontconfig/9be62d5840d88105903348ecf2840765-le64.cache-6
7fe64400e000-7fe644020000 r--s 00000000 08:01 918252                     /var/cache/fontconfig/9b89f8e3dae116d678bbf48e5f21f69b-le64.cache-6
7fe644020000-7fe644162000 rw-p 00000000 00:00 0 
7fe644162000-7fe644163000 ---p 00000000 00:00 0 
7fe644163000-7fe644263000 rw-p 00000000 00:00 0 
7fe644263000-7fe644264000 ---p 00000000 00:00 0 
7fe644264000-7fe6443b1000 rw-p 00000000 00:00 0 
7fe6443b1000-7fe644564000 ---p 00000000 00:00 0 
7fe644564000-7fe6445b1000 rw-p 00000000 00:00 0 
7fe6445b1000-7fe644964000 ---p 00000000 00:00 0 
7fe644964000-7fe6449b1000 rw-p 00000000 00:00 0 
7fe6449b1000-7fe644b64000 ---p 00000000 00:00 0 
7fe644b64000-7fe644b65000 ---p 00000000 00:00 0 
7fe644b65000-7fe644c65000 rw-p 00000000 00:00 0 
7fe644c65000-7fe644c66000 ---p 00000000 00:00 0 
7fe644c66000-7fe644d66000 rw-p 00000000 00:00 0 
7fe644d66000-7fe644d67000 ---p 00000000 00:00 0 
7fe644d67000-7fe644e67000 rw-p 00000000 00:00 0 
7fe644e67000-7fe644e68000 ---p 00000000 00:00 0 
7fe644e68000-7fe644f68000 rw-p 00000000 00:00 0 
7fe644f68000-7fe644f69000 ---p 00000000 00:00 0 
7fe644f69000-7fe64546d000 rw-p 00000000 00:00 0 
7fe64546d000-7fe64546e000 ---p 00000000 00:00 0 
7fe64546e000-7fe64556e000 rw-p 00000000 00:00 0 
7fe64556e000-7fe64556f000 ---p 00000000 00:00 0 
7fe64556f000-7fe64566f000 rw-p 00000000 00:00 0 
7fe64566f000-7fe645670000 ---p 00000000 00:00 0 
7fe645670000-7fe645770000 rw-p 00000000 00:00 0 
7fe645770000-7fe645771000 ---p 00000000 00:00 0 
7fe645771000-7fe645876000 rw-p 00000000 00:00 0 
7fe645876000-7fe64595c000 ---p 00000000 00:00 0 
7fe64595c000-7fe645963000 rw-p 00000000 00:00 0 
7fe645963000-7fe645a47000 ---p 00000000 00:00 0 
7fe645a47000-7fe645a4c000 r-xp 00000000 08:01 931827                     /usr/lib/jvm/java-9-openjdk-amd64/lib/amd64/libjimage.so
7fe645a4c000-7fe645c4b000 ---p 00005000 08:01 931827                     /usr/lib/jvm/java-9-openjdk-amd64/lib/amd64/libjimage.so
7fe645c4b000-7fe645c4c000 r--p 00004000 08:01 931827                     /usr/lib/jvm/java-9-openjdk-amd64/lib/amd64/libjimage.so
7fe645c4c000-7fe645c4d000 rw-p 00005000 08:01 931827                     /usr/lib/jvm/java-9-openjdk-amd64/lib/amd64/libjimage.so
7fe645c4d000-7fe645c54000 r-xp 00000000 08:01 931823                     /usr/lib/jvm/java-9-openjdk-amd64/lib/amd64/libzip.so
7fe645c54000-7fe645e53000 ---p 00007000 08:01 931823                     /usr/lib/jvm/java-9-openjdk-amd64/lib/amd64/libzip.so
7fe645e53000-7fe645e54000 r--p 00006000 08:01 931823                     /usr/lib/jvm/java-9-openjdk-amd64/lib/amd64/libzip.so
7fe645e54000-7fe645e55000 rw-p 00007000 08:01 931823                     /usr/lib/jvm/java-9-openjdk-amd64/lib/amd64/libzip.so
7fe645e55000-7fe645e60000 r-xp 00000000 08:01 2490619                    /lib/x86_64-linux-gnu/libnss_files-2.23.so
7fe645e60000-7fe64605f000 ---p 0000b000 08:01 2490619                    /lib/x86_64-linux-gnu/libnss_files-2.23.so
7fe64605f000-7fe646060000 r--p 0000a000 08:01 2490619                    /lib/x86_64-linux-gnu/libnss_files-2.23.so
7fe646060000-7fe646061000 rw-p 0000b000 08:01 2490619                    /lib/x86_64-linux-gnu/libnss_files-2.23.so
7fe646061000-7fe646067000 rw-p 00000000 00:00 0 
7fe646067000-7fe646072000 r-xp 00000000 08:01 2490616                    /lib/x86_64-linux-gnu/libnss_nis-2.23.so
7fe646072000-7fe646271000 ---p 0000b000 08:01 2490616                    /lib/x86_64-linux-gnu/libnss_nis-2.23.so
7fe646271000-7fe646272000 r--p 0000a000 08:01 2490616                    /lib/x86_64-linux-gnu/libnss_nis-2.23.so
7fe646272000-7fe646273000 rw-p 0000b000 08:01 2490616                    /lib/x86_64-linux-gnu/libnss_nis-2.23.so
7fe646273000-7fe646289000 r-xp 00000000 08:01 2490614                    /lib/x86_64-linux-gnu/libnsl-2.23.so
7fe646289000-7fe646488000 ---p 00016000 08:01 2490614                    /lib/x86_64-linux-gnu/libnsl-2.23.so
7fe646488000-7fe646489000 r--p 00015000 08:01 2490614                    /lib/x86_64-linux-gnu/libnsl-2.23.so
7fe646489000-7fe64648a000 rw-p 00016000 08:01 2490614                    /lib/x86_64-linux-gnu/libnsl-2.23.so
7fe64648a000-7fe64648c000 rw-p 00000000 00:00 0 
7fe64648c000-7fe646494000 r-xp 00000000 08:01 2490612                    /lib/x86_64-linux-gnu/libnss_compat-2.23.so
7fe646494000-7fe646693000 ---p 00008000 08:01 2490612                    /lib/x86_64-linux-gnu/libnss_compat-2.23.so
7fe646693000-7fe646694000 r--p 00007000 08:01 2490612                    /lib/x86_64-linux-gnu/libnss_compat-2.23.so
7fe646694000-7fe646695000 rw-p 00008000 08:01 2490612                    /lib/x86_64-linux-gnu/libnss_compat-2.23.so
7fe646695000-7fe6466c0000 r-xp 00000000 08:01 931676                     /usr/lib/jvm/java-9-openjdk-amd64/lib/amd64/libjava.so
7fe6466c0000-7fe6468bf000 ---p 0002b000 08:01 931676                     /usr/lib/jvm/java-9-openjdk-amd64/lib/amd64/libjava.so
7fe6468bf000-7fe6468c0000 r--p 0002a000 08:01 931676                     /usr/lib/jvm/java-9-openjdk-amd64/lib/amd64/libjava.so
7fe6468c0000-7fe6468c2000 rw-p 0002b000 08:01 931676                     /usr/lib/jvm/java-9-openjdk-amd64/lib/amd64/libjava.so
7fe6468c2000-7fe6468cf000 r-xp 00000000 08:01 931677                     /usr/lib/jvm/java-9-openjdk-amd64/lib/amd64/libverify.so
7fe6468cf000-7fe646ace000 ---p 0000d000 08:01 931677                     /usr/lib/jvm/java-9-openjdk-amd64/lib/amd64/libverify.so
7fe646ace000-7fe646ad0000 r--p 0000c000 08:01 931677                     /usr/lib/jvm/java-9-openjdk-amd64/lib/amd64/libverify.so
7fe646ad0000-7fe646ad1000 rw-p 0000e000 08:01 931677                     /usr/lib/jvm/java-9-openjdk-amd64/lib/amd64/libverify.so
7fe646ad1000-7fe646ad8000 r-xp 00000000 08:01 2490628                    /lib/x86_64-linux-gnu/librt-2.23.so
7fe646ad8000-7fe646cd7000 ---p 00007000 08:01 2490628                    /lib/x86_64-linux-gnu/librt-2.23.so
7fe646cd7000-7fe646cd8000 r--p 00006000 08:01 2490628                    /lib/x86_64-linux-gnu/librt-2.23.so
7fe646cd8000-7fe646cd9000 rw-p 00007000 08:01 2490628                    /lib/x86_64-linux-gnu/librt-2.23.so
7fe646cd9000-7fe646cef000 r-xp 00000000 08:01 2495525                    /lib/x86_64-linux-gnu/libgcc_s.so.1
7fe646cef000-7fe646eee000 ---p 00016000 08:01 2495525                    /lib/x86_64-linux-gnu/libgcc_s.so.1
7fe646eee000-7fe646eef000 rw-p 00015000 08:01 2495525                    /lib/x86_64-linux-gnu/libgcc_s.so.1
7fe646eef000-7fe646ff7000 r-xp 00000000 08:01 2490625                    /lib/x86_64-linux-gnu/libm-2.23.so
7fe646ff7000-7fe6471f6000 ---p 00108000 08:01 2490625                    /lib/x86_64-linux-gnu/libm-2.23.so
7fe6471f6000-7fe6471f7000 r--p 00107000 08:01 2490625                    /lib/x86_64-linux-gnu/libm-2.23.so
7fe6471f7000-7fe6471f8000 rw-p 00108000 08:01 2490625                    /lib/x86_64-linux-gnu/libm-2.23.so
7fe6471f8000-7fe64736a000 r-xp 00000000 08:01 657548                     /usr/lib/x86_64-linux-gnu/libstdc++.so.6.0.21
7fe64736a000-7fe64756a000 ---p 00172000 08:01 657548                     /usr/lib/x86_64-linux-gnu/libstdc++.so.6.0.21
7fe64756a000-7fe647574000 r--p 00172000 08:01 657548                     /usr/lib/x86_64-linux-gnu/libstdc++.so.6.0.21
7fe647574000-7fe647576000 rw-p 0017c000 08:01 657548                     /usr/lib/x86_64-linux-gnu/libstdc++.so.6.0.21
7fe647576000-7fe64757a000 rw-p 00000000 00:00 0 
7fe64757a000-7fe6483d8000 r-xp 00000000 08:01 931758                     /usr/lib/jvm/java-9-openjdk-amd64/lib/amd64/server/libjvm.so
7fe6483d8000-7fe6485d8000 ---p 00e5e000 08:01 931758                     /usr/lib/jvm/java-9-openjdk-amd64/lib/amd64/server/libjvm.so
7fe6485d8000-7fe64868a000 r--p 00e5e000 08:01 931758                     /usr/lib/jvm/java-9-openjdk-amd64/lib/amd64/server/libjvm.so
7fe64868a000-7fe6486bc000 rw-p 00f10000 08:01 931758                     /usr/lib/jvm/java-9-openjdk-amd64/lib/amd64/server/libjvm.so
7fe6486bc000-7fe648701000 rw-p 00000000 00:00 0 
7fe648701000-7fe648719000 r-xp 00000000 08:01 2490632                    /lib/x86_64-linux-gnu/libpthread-2.23.so
7fe648719000-7fe648918000 ---p 00018000 08:01 2490632                    /lib/x86_64-linux-gnu/libpthread-2.23.so
7fe648918000-7fe648919000 r--p 00017000 08:01 2490632                    /lib/x86_64-linux-gnu/libpthread-2.23.so
7fe648919000-7fe64891a000 rw-p 00018000 08:01 2490632                    /lib/x86_64-linux-gnu/libpthread-2.23.so
7fe64891a000-7fe64891e000 rw-p 00000000 00:00 0 
7fe64891e000-7fe648921000 r-xp 00000000 08:01 2490634                    /lib/x86_64-linux-gnu/libdl-2.23.so
7fe648921000-7fe648b20000 ---p 00003000 08:01 2490634                    /lib/x86_64-linux-gnu/libdl-2.23.so
7fe648b20000-7fe648b21000 r--p 00002000 08:01 2490634                    /lib/x86_64-linux-gnu/libdl-2.23.so
7fe648b21000-7fe648b22000 rw-p 00003000 08:01 2490634                    /lib/x86_64-linux-gnu/libdl-2.23.so
7fe648b22000-7fe648b3b000 r-xp 00000000 08:01 2495678                    /lib/x86_64-linux-gnu/libz.so.1.2.8
7fe648b3b000-7fe648d3a000 ---p 00019000 08:01 2495678                    /lib/x86_64-linux-gnu/libz.so.1.2.8
7fe648d3a000-7fe648d3b000 r--p 00018000 08:01 2495678                    /lib/x86_64-linux-gnu/libz.so.1.2.8
7fe648d3b000-7fe648d3c000 rw-p 00019000 08:01 2495678                    /lib/x86_64-linux-gnu/libz.so.1.2.8
7fe648d3c000-7fe648efb000 r-xp 00000000 08:01 2490633                    /lib/x86_64-linux-gnu/libc-2.23.so
7fe648efb000-7fe6490fb000 ---p 001bf000 08:01 2490633                    /lib/x86_64-linux-gnu/libc-2.23.so
7fe6490fb000-7fe6490ff000 r--p 001bf000 08:01 2490633                    /lib/x86_64-linux-gnu/libc-2.23.so
7fe6490ff000-7fe649101000 rw-p 001c3000 08:01 2490633                    /lib/x86_64-linux-gnu/libc-2.23.so
7fe649101000-7fe649105000 rw-p 00000000 00:00 0 
7fe649105000-7fe649113000 r-xp 00000000 08:01 931838                     /usr/lib/jvm/java-9-openjdk-amd64/lib/amd64/jli/libjli.so
7fe649113000-7fe649312000 ---p 0000e000 08:01 931838                     /usr/lib/jvm/java-9-openjdk-amd64/lib/amd64/jli/libjli.so
7fe649312000-7fe649313000 r--p 0000d000 08:01 931838                     /usr/lib/jvm/java-9-openjdk-amd64/lib/amd64/jli/libjli.so
7fe649313000-7fe649314000 rw-p 0000e000 08:01 931838                     /usr/lib/jvm/java-9-openjdk-amd64/lib/amd64/jli/libjli.so
7fe649314000-7fe64933a000 r-xp 00000000 08:01 2490629                    /lib/x86_64-linux-gnu/ld-2.23.so
7fe64933a000-7fe64933b000 r--s 00000000 08:01 937535                     /var/cache/fontconfig/bab58bb527bb656aaa9f116d68a48d89-le64.cache-6
7fe64933b000-7fe649341000 r--s 00000000 08:01 937341                     /var/cache/fontconfig/b47c4e1ecd0709278f4910c18777a504-le64.cache-6
7fe649341000-7fe64934e000 r--s 00000000 08:01 929163                     /var/cache/fontconfig/e13b20fdb08344e0e664864cc2ede53d-le64.cache-6
7fe64934e000-7fe649411000 rw-p 00000000 00:00 0 
7fe649411000-7fe649415000 ---p 00000000 00:00 0 
7fe649415000-7fe649517000 rw-p 00000000 00:00 0 
7fe649517000-7fe649518000 r--s 00000000 08:01 937532                     /var/cache/fontconfig/56cf4f4769d0f4abc89a4895d7bd3ae1-le64.cache-6
7fe649518000-7fe649519000 r--s 00000000 08:01 937531                     /var/cache/fontconfig/b9d506c9ac06c20b433354fa67a72993-le64.cache-6
7fe649519000-7fe64951a000 r--s 00000000 08:01 932462                     /var/cache/fontconfig/551ecf3b0e8b0bca0f25c0944f561853-le64.cache-6
7fe64951a000-7fe64951b000 r--s 00000000 08:01 932454                     /var/cache/fontconfig/30829fa25452a46451e813d634d7f916-le64.cache-6
7fe64951b000-7fe64951c000 r--s 00000000 08:01 932453                     /var/cache/fontconfig/0c9eb80ebd1c36541ebe2852d3bb0c49-le64.cache-6
7fe64951c000-7fe649520000 r--s 00000000 08:01 920277                     /var/cache/fontconfig/7ef2298fde41cc6eeb7af42e48b7d293-le64.cache-6
7fe649520000-7fe649521000 r--s 00000000 08:01 942229                     /var/cache/fontconfig/e0aa53bcfa504e64f87823c16bc01eb6-le64.cache-6
7fe649521000-7fe649526000 rw-p 00000000 00:00 0 
7fe649526000-7fe64952d000 ---p 00000000 00:00 0 
7fe64952d000-7fe649535000 rw-s 00000000 08:01 1853195                    /tmp/hsperfdata_quill/19457
7fe649535000-7fe649536000 rw-p 00000000 00:00 0 
7fe649536000-7fe649537000 r--p 00000000 00:00 0 
7fe649537000-7fe649539000 rw-p 00000000 00:00 0 
7fe649539000-7fe64953a000 r--p 00025000 08:01 2490629                    /lib/x86_64-linux-gnu/ld-2.23.so
7fe64953a000-7fe64953b000 rw-p 00026000 08:01 2490629                    /lib/x86_64-linux-gnu/ld-2.23.so
7fe64953b000-7fe64953c000 rw-p 00000000 00:00 0 
7ffedff3f000-7ffedff60000 rw-p 00000000 00:00 0                          [stack]
7ffedffc4000-7ffedffc6000 r--p 00000000 00:00 0                          [vvar]
7ffedffc6000-7ffedffc8000 r-xp 00000000 00:00 0                          [vdso]
ffffffffff600000-ffffffffff601000 r-xp 00000000 00:00 0                  [vsyscall]

VM Arguments:
jvm_args: -Xmx1024M -Dcharles.config=~/.charles.config 
java_command: /usr/lib/charles-proxy/charles.jar
java_class_path (initial): /usr/lib/charles-proxy/charles.jar
Launcher Type: SUN_STANDARD

Environment Variables:
PATH=/home/quill/.nvm/versions/node/v6.9.0/bin:/home/quill/bin:/usr/local/sbin:/usr/local/bin:/usr/sbin:/usr/bin:/sbin:/bin:/usr/games:/usr/local/games:/snap/bin
SHELL=/usr/bin/zsh
DISPLAY=:0

Signal Handlers:
SIGSEGV: [libjvm.so+0xc12c20], sa_mask[0]=11111111011111111101111111111110, sa_flags=SA_RESTART|SA_SIGINFO
SIGBUS: [libjvm.so+0xc12c20], sa_mask[0]=11111111011111111101111111111110, sa_flags=SA_RESTART|SA_SIGINFO
SIGFPE: [libjvm.so+0xc12c20], sa_mask[0]=11111111011111111101111111111110, sa_flags=SA_RESTART|SA_SIGINFO
SIGPIPE: [libjvm.so+0xa3b600], sa_mask[0]=11111111011111111101111111111110, sa_flags=SA_RESTART|SA_SIGINFO
SIGXFSZ: [libjvm.so+0xa3b600], sa_mask[0]=11111111011111111101111111111110, sa_flags=SA_RESTART|SA_SIGINFO
SIGILL: [libjvm.so+0xc12c20], sa_mask[0]=11111111011111111101111111111110, sa_flags=SA_RESTART|SA_SIGINFO
SIGUSR2: [libjvm.so+0xa3b4a0], sa_mask[0]=00000000000000000000000000000000, sa_flags=SA_RESTART|SA_SIGINFO
SIGHUP: [libjvm.so+0xa3b870], sa_mask[0]=11111111011111111101111111111110, sa_flags=SA_RESTART|SA_SIGINFO
SIGINT: [libjvm.so+0xa3b870], sa_mask[0]=11111111011111111101111111111110, sa_flags=SA_RESTART|SA_SIGINFO
SIGTERM: [libjvm.so+0xa3b870], sa_mask[0]=11111111011111111101111111111110, sa_flags=SA_RESTART|SA_SIGINFO
SIGQUIT: [libjvm.so+0xa3b870], sa_mask[0]=11111111011111111101111111111110, sa_flags=SA_RESTART|SA_SIGINFO


---------------  S Y S T E M  ---------------

OS:DISTRIB_ID=Ubuntu
DISTRIB_RELEASE=16.04
DISTRIB_CODENAME=xenial
DISTRIB_DESCRIPTION="Ubuntu 16.04.1 LTS"
uname:Linux 4.4.0-45-generic #66-Ubuntu SMP Wed Oct 19 14:12:37 UTC 2016 x86_64
libc:glibc 2.23 NPTL 2.23 
rlimit: STACK 8192k, CORE 0k, NPROC 39212, NOFILE 65536, AS infinity
load average:1.41 1.26 0.88

/proc/meminfo:
MemTotal:       10078144 kB
MemFree:         1880568 kB
MemAvailable:    4530728 kB
Buffers:          259292 kB
Cached:          3869904 kB
SwapCached:            0 kB
Active:          4989256 kB
Inactive:        2694088 kB
Active(anon):    3568420 kB
Inactive(anon):  1429168 kB
Active(file):    1420836 kB
Inactive(file):  1264920 kB
Unevictable:         412 kB
Mlocked:             412 kB
SwapTotal:       9999356 kB
SwapFree:        9999356 kB
Dirty:               184 kB
Writeback:             0 kB
AnonPages:       3557072 kB
Mapped:          1292464 kB
Shmem:           1443208 kB
Slab:             333360 kB
SReclaimable:     277912 kB
SUnreclaim:        55448 kB
KernelStack:       15888 kB
PageTables:        75376 kB
NFS_Unstable:          0 kB
Bounce:                0 kB
WritebackTmp:          0 kB
CommitLimit:    15038428 kB
Committed_AS:   13972296 kB
VmallocTotal:   34359738367 kB
VmallocUsed:           0 kB
VmallocChunk:          0 kB
HardwareCorrupted:     0 kB
AnonHugePages:   1081344 kB
CmaTotal:              0 kB
CmaFree:               0 kB
HugePages_Total:       0
HugePages_Free:        0
HugePages_Rsvd:        0
HugePages_Surp:        0
Hugepagesize:       2048 kB
DirectMap4k:      238472 kB
DirectMap2M:    10084352 kB


CPU:total 4 (2 cores per cpu, 2 threads per core) family 6 model 42 stepping 7, cmov, cx8, fxsr, mmx, sse, sse2, sse3, ssse3, sse4.1, sse4.2, popcnt, avx, clmul, ht, tsc, tscinvbit

CPU Model and flags from /proc/cpuinfo:
model name	: Intel(R) Core(TM) i3-2310M CPU @ 2.10GHz
flags		: fpu vme de pse tsc msr pae mce cx8 apic sep mtrr pge mca cmov pat pse36 clflush dts acpi mmx fxsr sse sse2 ss ht tm pbe syscall nx rdtscp lm constant_tsc arch_perfmon pebs bts rep_good nopl xtopology nonstop_tsc aperfmperf eagerfpu pni pclmulqdq dtes64 monitor ds_cpl vmx est tm2 ssse3 cx16 xtpr pdcm pcid sse4_1 sse4_2 x2apic popcnt tsc_deadline_timer xsave avx lahf_lm epb tpr_shadow vnmi flexpriority ept vpid xsaveopt dtherm arat pln pts

Memory: 4k page, physical 10078144k(1880568k free), swap 9999356k(9999356k free)

vm_info: OpenJDK 64-Bit Server VM (9-internal+0-2016-04-14-195246.buildd.src) for linux-amd64 JRE (9-internal+0-2016-04-14-195246.buildd.src), built on Apr 14 2016 20:05:37 by "buildd" with gcc 5.3.1 20160413

END.
